3 221 298 2 
2 144 119 
3 13 64 140 
2 285 228 
3 103 209 78 
2 87 195 
2 34 50 
2 85 23 
2 63 81 
2 79 98 
3 167 202 55 
2 125 243 
3 58 53 12 
3 234 170 264 
2 275 138 
2 156 219 
3 187 76 69 
3 224 102 154 
2 260 83 
2 54 265 
3 44 174 242 
3 276 139 186 
4 286 214 235 176 
2 36 131 
2 15 16 
3 261 73 183 
2 33 252 
2 62 271 
2 225 10 
3 0 42 278 
2 180 292 
4 108 14 20 175 
2 216 152 
3 60 282 123 
2 162 101 
5 134 222 61 291 52 
3 113 32 104 
2 75 287 
3 290 244 289 
3 171 241 145 
2 226 205 
4 193 230 254 196 
3 127 207 223 
2 133 114 
3 218 22 67 
3 8 269 251 
4 136 128 237 149 
3 88 51 231 
3 212 17 130 
3 249 201 169 
3 65 27 215 
2 57 25 
5 210 29 283 66 206 
3 74 177 43 
3 24 96 59 
3 294 185 132 
4 148 3 45 297 
3 168 239 272 
3 56 284 46 
3 296 11 173 
3 198 147 71 
4 72 82 31 229 
3 259 266 274 
4 227 121 280 9 
3 220 86 155 
3 18 48 270 
3 159 109 142 
4 110 158 192 233 
4 246 122 157 47 
4 129 146 238 97 
2 80 181 
4 299 232 118 106 
3 95 89 194 
3 19 160 84 
3 179 255 240 
3 203 163 1 
4 184 268 93 112 
4 99 277 236 256 
5 281 166 191 248 189 
3 150 6 77 
4 41 199 250 262 
3 4 40 288 
3 137 190 37 
4 105 217 120 279 
2 245 141 
3 200 197 178 
3 107 258 211 
4 38 253 100 153 
3 116 35 143 
4 7 188 5 257 
4 91 28 115 126 
4 21 295 30 94 
3 267 70 135 
4 263 26 117 49 
3 164 68 247 
2 213 208 
4 273 204 182 151 
4 92 90 124 165 
4 161 172 111 293 
1 39 
