25 7119 8566 199 8530 3663 3451 106 5099 893 6312 852 6855 3813 3389 2239 7623 6214 8751 2807 7540 8386 6032 6151 4047 6870 
26 3564 1879 1655 665 1684 7232 6570 2394 7805 5465 1695 1199 3447 8841 1974 7418 641 7139 8065 8964 2877 8684 5604 2289 1573 5436 
27 3457 4170 9586 95 6601 380 2857 6698 6344 1368 4121 1741 6574 800 9239 2552 80 8668 54 6551 725 2194 1636 6958 9711 2880 5666 
26 7088 7398 7779 1910 91 4278 8505 1348 6963 6581 7132 7610 1371 9902 2646 6738 2676 9201 2092 1574 2849 4199 6153 791 1074 5318 
20 203 9180 3227 5998 3425 3496 4060 6442 5722 6033 2712 217 5496 1754 6690 5325 3003 8195 1570 7042 
25 9325 1973 7337 7856 4776 8610 3754 2931 953 3714 5391 9470 6776 6754 577 3081 2047 9059 653 6355 1545 5147 9004 1293 8740 
27 6361 6150 9805 9657 7000 348 1862 4397 6386 7045 5301 689 4789 916 5396 1289 5181 7332 5418 3944 2262 1184 1149 8282 4273 8265 5720 
23 117 3546 7428 9927 7498 5658 2400 2978 4647 1065 8539 2943 6543 5645 4524 62 1039 4766 8752 5685 1837 8429 7356 
23 2429 6745 212 4652 9842 1160 5809 3811 8553 90 8107 7099 2093 5589 2295 9174 3516 6108 5290 4977 6365 2100 1254 
24 6252 4720 9104 9419 6762 4163 4105 2972 8148 2373 9043 7999 545 7063 8810 334 7930 1713 3941 1231 5434 6481 9834 5125 
19 8184 1186 2406 7315 8263 6333 5804 5171 3399 9868 7995 4425 237 7495 1517 3056 1991 7784 1962 
26 8518 4693 6786 6021 8768 7342 9035 3867 3624 2417 8692 9026 495 1411 6225 7056 7675 6395 1091 6964 6166 4676 2474 5404 3405 8770 
21 719 2031 8609 1152 6587 8987 8023 21 7147 4082 5980 9258 3943 2496 4627 7324 8626 7307 131 2583 2691 
28 5440 3951 5996 7465 3026 4245 3102 353 2702 5864 959 7689 283 3776 7365 1187 1164 2980 687 6623 6050 7059 7427 2625 2252 2679 4490 2770 
27 2135 1372 9768 9806 6842 313 6716 6971 4114 1504 5302 7009 4264 4590 3152 5478 8734 2890 2692 8712 9051 3683 4735 8717 5753 1230 263 
25 3090 8711 4938 2077 6380 6094 2867 7415 8830 1073 9939 5689 3078 1469 8512 8720 1405 9603 8255 4928 6477 7073 1301 6576 675 
25 6541 4164 7312 3833 8854 9028 1859 2766 2439 8627 8547 7757 3980 1519 6813 4166 8135 2701 9907 4431 6411 4324 5077 7310 5293 
20 4644 47 6438 3082 1880 6793 3902 6975 8068 8971 4165 7961 1400 7511 3048 4763 1645 6148 1015 3724 
23 1993 1637 9559 2118 5783 6048 3194 2673 9655 716 2541 5908 4979 8246 2413 8844 978 1795 4519 9 5494 4320 616 
29 6689 1194 6304 497 7922 7203 7595 5116 9817 8072 5372 2959 3625 3449 7781 7966 3300 8922 7388 3144 3183 2083 2588 3744 3388 7136 2321 9499 20 
24 7040 8484 5332 6023 1523 7301 2023 1891 9420 2498 4279 6816 3973 3076 8045 7175 2232 7607 9094 8949 9296 8320 6944 2922 
25 5649 6430 823 7278 1864 2156 6921 1799 1328 6888 2777 3016 72 9725 2150 2820 668 3089 4600 3720 3179 4728 401 8372 9776 
22 7070 3990 9274 9696 6764 8353 3190 8116 8486 6268 1069 1715 9287 1670 3888 2533 4081 4417 8797 4905 6595 2227 
24 1138 2942 2881 3050 1792 3502 1109 9624 8103 1748 1774 4125 1897 7351 155 2242 723 9708 7632 7204 7577 5202 5977 8098 
24 2883 8459 9282 507 9182 3636 105 8984 9248 2241 7065 6059 575 4430 8127 9664 1409 63 4015 4483 4700 1544 4554 9827 
21 1269 9845 306 867 1393 2341 6772 5140 9194 9416 1990 2616 1765 8315 9760 2823 6107 176 3687 5854 1139 
24 7711 9347 5771 4686 1503 5650 9546 6399 9632 6850 5559 5880 7939 5183 3237 4395 2542 9360 1258 5129 6496 4383 9169 9829 
26 4346 2233 3329 6634 4450 7901 3958 1738 7762 7726 1907 9407 6692 1345 663 8669 7260 6376 7433 4142 4753 4791 7489 7151 2492 3994 
25 519 6269 7224 511 9042 3760 8687 8767 3606 2599 3968 5956 6811 359 1618 2085 609 3153 1540 9271 2136 5644 2421 9025 8701 
25 187 1406 6455 6922 8681 5674 1817 4113 3846 8598 5981 8656 4565 3004 4478 2772 3725 5765 2562 2223 7158 9792 5055 3518 1653 
20 5222 7948 3468 7613 7483 4454 3567 7071 8478 2615 3587 1360 8256 8114 6046 562 6317 4126 6819 3631 
29 7064 3527 5214 3200 6563 6182 8652 396 5835 5861 5329 2125 5801 8475 7653 5778 8946 9188 5993 2124 6428 3716 4303 1367 2993 1731 7219 6433 6458 
25 3239 4387 5698 6645 1465 9897 7425 8038 4244 2893 9074 8007 6085 4012 201 3660 9092 3897 647 6626 87 9618 7126 1344 2376 
28 9976 8699 6741 6536 7685 5135 7263 2693 1048 5770 4701 9908 9136 9142 6763 6504 2499 5921 4573 8354 721 9115 5223 4275 3995 2277 3238 1306 
23 9121 8795 7134 3609 4677 2246 7627 5556 5243 2197 8473 6478 6347 2590 8052 651 8765 4610 4161 7869 4203 7834 7467 
26 222 7287 6068 3816 1206 6402 1239 8664 4074 8620 1911 7645 776 4237 9835 2451 7725 8704 2707 8467 5410 623 6209 1278 9014 8490 
23 9675 8449 1142 8823 7934 3732 9742 8737 5815 7167 7614 492 5284 2274 4740 4822 2620 652 8452 7202 5758 778 6613 
22 769 5808 8370 5686 7190 2852 5088 715 5903 5597 1125 735 4771 5448 8322 6354 4972 8836 7214 3787 1865 2271 
24 957 6139 8792 7882 6648 2171 2966 9516 6848 9659 216 8361 9718 6030 1092 5807 3060 4380 4005 2503 7087 5647 3543 8374 
26 5018 2714 1852 318 9018 4065 3904 7749 9240 6880 4055 4825 7101 9112 2682 1446 3545 8221 7254 1032 4216 2258 3604 1665 89 6521 
27 24 8020 8309 290 2600 6584 2776 5298 4491 1531 4559 1861 3999 7454 8242 9442 1373 851 6510 8977 7264 2488 1987 4174 3134 2329 4160 
22 3149 5387 4255 6409 1281 9645 7276 2648 4714 8793 2 4138 5904 2678 7504 9982 706 9500 9520 6285 635 3586 
27 549 6199 1030 5295 8682 177 3181 3499 5635 5163 2479 78 836 1918 9943 1171 7721 4765 4889 4751 4599 8908 4509 1940 5198 6465 8612 
21 8587 8029 3891 3544 6503 1968 5701 5310 1096 6696 2037 5133 1027 7206 5190 9404 2564 899 1983 5825 1418 
24 1273 7230 3263 5712 4887 7712 9583 8431 6714 4382 9431 7728 7752 1687 5199 7775 5177 3868 1219 8923 8174 9371 4897 7404 
25 9449 6669 32 4709 4274 2527 2191 202 1317 4851 3473 600 7322 5963 1548 305 7919 2824 7526 5932 4508 8369 8877 5616 2243 
26 606 9820 7117 7631 4291 2731 3778 8239 7361 1896 7383 8017 3154 7018 7848 5966 888 2003 5938 6792 7242 2301 2703 6007 2767 811 
25 1757 8376 9267 7876 4405 5847 8631 2407 6161 4718 6184 3101 9331 4280 3707 1183 27 1766 110 2723 4934 6614 1043 3080 6665 
28 4307 7156 1363 4703 376 5050 3345 9027 7592 2875 7620 5768 6982 1471 6061 4626 9828 2918 7571 5618 3563 6723 6817 9260 4337 4257 4185 3737 
24 4536 4586 409 2212 9232 2568 5188 4582 1394 5862 914 4804 7958 5595 2655 6497 4304 564 2014 7954 9764 8925 3224 2597 
25 8395 3147 5917 2333 7746 1182 826 9478 1584 3432 7021 4217 5552 5360 2389 1596 4835 6894 6254 8394 4774 7953 431 170 2897 
26 1735 9137 7248 482 4003 531 9381 7143 7903 1787 2513 3115 8004 6940 9886 6469 4936 9825 4738 7396 9995 7519 6468 8982 3035 6917 
28 8406 7993 6245 3191 2352 9002 1721 4636 6393 9741 8743 8745 8177 7615 2062 3521 1119 9389 4847 6691 2459 8592 5828 3248 4041 5533 1961 2773 
29 677 9405 5746 3317 2787 9179 4593 9263 2640 949 4087 7654 6857 6726 1320 9233 9946 5827 8392 1712 1083 8230 4640 4534 913 4149 5760 6080 8898 
28 157 2748 2523 4973 6196 942 907 3974 1934 7998 8126 1431 9460 9237 9212 2582 5789 4961 4175 9125 6330 5146 8251 6573 3520 3853 8087 3313 
28 2327 7129 6951 4153 5107 8187 2275 2415 7812 8182 5306 255 9110 7790 5849 6565 7160 7168 868 1821 2195 1571 8707 6311 6322 1579 86 9304 
25 8698 6794 7255 439 9464 5695 9964 7679 4594 365 8895 6583 5558 7153 335 574 3864 5115 8608 5447 9309 4408 2598 8211 6350 
21 84 5744 457 4782 8306 1297 2769 9270 9658 512 7505 8920 6588 6224 8730 5965 5624 648 9061 1290 1805 
26 6656 2944 5572 4115 3414 4605 8804 5803 8798 6416 3847 4840 3489 2398 4468 6142 9969 4612 6464 2328 4783 4131 1954 8380 240 3619 
23 7455 6135 4084 1723 9610 7663 930 4638 3230 6684 1034 4188 7025 9293 8305 1763 6954 7544 5972 2458 1341 4332 59 
23 672 8630 1674 3795 4016 1863 9033 4326 4206 8051 6319 9085 7368 2994 3560 1706 312 8924 182 1801 9290 9714 5606 
23 1315 3608 6967 2675 5009 8500 3121 4711 3137 2159 3747 6318 7932 5035 2974 4837 7336 411 367 2759 1191 9717 9214 
27 5235 9128 1564 2216 9620 5656 7642 2477 6865 3498 3645 4128 3123 5730 8281 4461 6145 7294 954 1007 3015 7955 7676 6986 8607 7133 4292 
26 837 3424 277 9487 751 2434 9062 7066 2192 2601 6488 9361 4997 322 8476 9755 9235 162 7736 1694 4545 3106 4315 7968 7748 2509 
22 1815 3358 984 7988 7794 1946 2933 5117 5739 3536 7302 6077 7420 9973 9016 885 8423 9555 702 8654 759 6997 
25 4601 8783 965 9575 5732 7785 8695 7808 3505 1922 8917 6953 4950 798 6490 2733 3467 8340 6236 5676 4054 3274 2592 9241 2408 
26 4525 5491 7677 4050 8093 1215 2217 7113 8801 8904 3877 9934 4135 4323 4912 5729 9674 5802 9021 2347 7159 7127 2704 4808 598 7731 
25 3696 2642 9130 2900 1441 9981 8780 4282 6699 1840 6292 8605 4360 2688 6869 1648 7089 7828 1380 4726 1552 1060 3113 3780 5790 
25 2774 3976 4507 1491 7211 6580 1302 2095 3476 880 4768 1844 184 6337 1856 7545 6553 1542 4151 4994 9703 3422 302 6258 6467 
19 7716 7193 5457 7078 3085 6462 2758 2461 972 2988 8465 192 1829 3243 8454 8663 1619 685 5931 
28 6263 1630 4223 1843 1430 2696 2011 8998 6593 5915 819 7004 1337 8616 8833 7853 875 9762 4252 3515 4757 9338 8355 7051 3140 9123 4479 5944 
27 1097 4428 7768 3403 378 7208 8259 8506 3305 2969 9219 8551 5262 7743 5191 6264 1770 1444 2226 337 7487 8418 7989 9622 763 8106 1204 
26 2695 9412 7355 3418 4400 5702 6067 4167 9644 1592 3009 4259 771 1535 9111 1533 5022 9791 1878 6508 1225 7283 8391 6968 5476 9334 
23 5693 3601 6327 6173 1537 3785 4347 890 4856 4248 4898 122 1307 4521 183 9853 9315 3711 9107 820 5883 3107 8543 
21 4098 567 9544 9815 4602 1106 5982 6910 8725 2116 3455 1671 5506 7667 132 3998 8706 5634 5322 9486 1137 
24 2313 4056 3024 3381 9712 6422 1476 1338 5824 1389 8963 2765 5226 8753 3151 1099 891 1070 9676 2165 469 8138 4909 6748 
28 7965 1838 9944 6265 1386 8188 5426 2075 4724 4031 9106 9229 4562 6226 6891 3483 4258 5149 7027 1895 4609 4707 2005 7696 4702 3327 8008 8178 
21 1135 7916 8228 9526 7715 8229 3127 2501 3573 2721 5357 4712 4389 8623 5103 5509 4922 3932 8451 1479 2502 
24 1563 3605 267 7759 3465 6930 2206 793 8807 2621 8755 4970 6129 9548 7439 7105 6687 5549 5580 6702 2219 4927 6210 9532 
28 3156 2838 9144 1233 2235 559 8445 3203 254 2164 2874 1924 4893 5532 1827 3551 5419 4817 2471 2572 781 6100 755 5812 3945 2253 3749 8019 
24 2559 7180 3176 1276 35 4123 4249 4800 3155 7502 8872 774 1956 8427 6564 3320 6010 548 5750 1303 8657 2821 3012 4241 
27 4687 8290 4064 5779 9949 6814 1474 5087 4969 9623 9006 7701 8819 5309 3568 9275 3198 5128 917 2868 3034 1998 746 3677 56 4451 9916 
25 6912 718 4659 3802 6896 3434 7080 9911 5794 3992 9671 8621 1989 1291 9218 2236 226 9756 4956 2962 3837 5311 9669 70 7783 
28 6381 8586 4635 9613 7994 4966 369 4552 2272 3231 1424 3285 3323 8565 8813 8729 7417 3006 9312 6549 3109 6653 9986 8411 8341 7281 7303 6721 
22 5245 8713 1518 8575 8615 4027 576 6339 7707 116 6072 7155 1434 3087 2795 4169 2310 4760 637 4197 8674 4338 
26 5971 9402 7082 1904 1634 5453 3232 7555 272 4211 6591 5259 3397 7797 3013 3223 5759 6351 5726 289 3040 8223 5735 4049 9940 3664 
25 563 6547 4256 1443 5323 342 6641 5210 3267 6908 9091 8248 824 2282 8709 6704 5200 9672 4721 1549 101 5896 8308 2814 7111 
29 741 658 1489 6804 3938 3783 100 4371 6719 3258 9667 4085 2309 1624 9022 9072 5984 7137 6090 6500 1347 5454 466 8515 251 4820 1614 8939 2130 
25 5868 5487 2904 3108 9071 6512 2866 9143 4734 3404 2956 996 9958 7327 3684 7517 1268 7774 2826 1161 3162 2193 58 669 1082 
25 8329 7314 8462 4154 9064 1181 6359 1325 6211 2375 3661 4906 8049 2144 4026 4974 1451 9096 7212 8012 165 5044 8080 5296 3229 
25 4679 7097 8367 494 2260 4653 5878 9321 2506 2364 9193 2414 5675 2381 1816 8050 3164 925 7765 8483 1398 2604 7268 4295 6518 
25 554 7889 1778 4645 8273 9975 6248 3673 8186 2694 1501 2340 7130 7871 7121 114 2466 7378 5392 7290 3280 1129 2287 7311 2818 
25 6961 8158 9349 2930 5579 4328 1008 8746 4566 5314 4651 4518 2644 3072 9170 3387 6385 3306 1103 1556 8144 3792 6845 9878 2586 
22 3855 7320 2198 8207 8747 6244 9357 6188 4104 8661 3341 5475 5906 4708 6980 6988 6022 8092 9493 667 9383 2677 
25 1664 2791 4661 2497 7226 2751 1831 4722 7525 1967 3428 9397 5979 9699 4816 1760 3658 9343 3037 9451 60 2423 9850 3478 9517 
26 8509 5743 825 8224 8614 4986 6893 5001 8373 7857 5094 2859 262 4663 9629 6637 7128 7480 4488 8011 5037 4504 8919 5242 5138 8517 
20 5445 8302 3354 9549 1319 2810 6301 2359 7506 370 3738 2091 2081 7367 6095 1157 2775 8501 2669 5653 
20 9256 3475 3842 9276 8272 9234 872 350 5308 6774 7419 1654 5059 1274 6731 7660 2827 5731 7123 7601 
26 9140 2026 4761 6392 3366 252 7693 9238 1045 9881 1198 5470 5625 9083 260 7839 7598 3481 6144 4737 413 3504 1021 5661 6533 327 
28 2735 9090 3461 3603 3199 6089 8190 8014 3798 2948 7384 2137 5042 5911 3392 1719 6124 1606 1717 4917 8206 2120 7833 5683 3310 5846 4308 8332 
21 7468 7682 7014 1051 3271 7823 6974 5249 288 2016 1740 2027 4960 923 3297 8333 8503 9793 9215 4296 7700 
23 2176 6305 2745 1179 1330 6106 2154 1395 2051 7538 1567 2662 1035 4362 5412 9713 9063 6535 9301 7039 3641 5474 6127 
20 6403 9286 8042 775 3839 9222 1220 193 7542 3753 5278 5780 4025 347 5109 4678 4557 3898 9369 8556 
29 6901 315 9469 4207 9538 1733 2505 4819 1016 5201 7296 6240 1322 9435 6829 3091 7815 6256 1917 9236 6934 14 9885 49 3041 265 1312 707 5988 
30 1335 8739 9320 9631 5477 4485 9134 967 3694 5105 1790 3845 8688 4682 8993 8593 9055 3337 6267 3713 340 7431 8781 236 9931 1128 3492 5057 2544 5501 
24 7318 3008 4299 6316 9410 7135 1583 9833 1930 5380 918 4290 3141 4067 3159 3961 3926 884 9693 8456 9971 9120 5798 6405 
22 9707 9459 127 4195 9611 6379 2901 614 9716 9456 1058 2517 4102 8805 3889 3023 4416 7705 8279 797 4606 5697 
21 1776 1874 6293 7479 2187 4879 485 7234 8926 3672 8571 6006 1707 5607 3344 6577 7621 5141 8581 8884 5225 
24 7028 113 9191 4202 3022 4099 1937 979 9388 8928 2104 4523 3299 8283 42 4736 1919 9040 9124 2550 8183 6664 6147 8337 
21 6039 4940 3124 8245 8851 516 4773 6042 453 7397 4694 5339 4762 5255 835 2643 1680 6358 6693 5232 136 
24 7952 5480 4615 1110 8316 9073 1716 7755 4985 3501 6298 149 7974 2832 9588 632 551 3900 5079 99 2529 5148 5536 3111 
22 2278 4781 6377 7019 9763 2281 695 5715 2504 7321 3613 4036 2263 5680 9445 8611 6487 9280 4570 447 4311 3589 
22 311 4011 4355 6746 808 5373 2729 3534 6020 4517 2102 5468 5355 8634 270 7084 5544 1728 6177 6057 9650 1547 
24 8477 1013 7637 7249 6771 102 3439 2362 886 8401 9800 5092 7990 7549 4289 4176 2895 5530 5013 5185 6302 1726 18 9172 
30 6916 3005 3779 4080 3420 922 1256 9458 3843 5462 2547 7389 1747 2218 4919 6859 5271 1136 9448 8417 4373 7200 9529 5773 9391 5003 7413 5413 6060 2530 
27 7913 3875 8989 6538 8642 6237 1943 2121 3592 670 490 8284 1914 8855 2567 205 9961 5706 336 1858 1437 6065 5399 9656 1599 8865 8210 
24 3030 1113 9926 2140 5352 9923 2661 2556 508 3854 912 5582 9661 8524 701 9740 5633 2476 3020 8853 5489 5024 1452 9700 
29 7401 1407 720 6836 8791 552 5170 1168 7562 1067 4472 6542 9403 9571 8015 1224 3881 9605 5 6837 7596 1659 2637 2446 6421 6943 9747 818 9131 
30 9305 3640 3512 9254 4141 5628 1553 6426 1391 5256 7490 6602 8933 9967 7402 9400 3920 1885 1673 8531 496 6878 6887 2491 7664 6250 8696 3987 8396 2019 
24 8578 3426 3885 8110 6597 969 8864 1771 639 9879 3979 1340 905 7107 8121 1385 5085 2146 911 5787 7228 1095 5714 8120 
26 8179 2963 332 4666 5799 7777 691 7532 8339 5782 736 8986 8197 8006 7608 6180 4370 6315 5066 6761 2726 5836 5439 1966 4641 1718 
23 8189 7210 4455 9654 483 2831 85 2884 2053 1513 9863 1853 9663 4526 8201 4671 36 5283 7054 1077 3028 5865 5398 
21 6228 7140 5710 5983 379 8033 3044 4266 3256 3251 6486 6530 943 5483 7306 2761 9803 4580 7165 998 3857 
24 1066 2531 8104 4107 1601 1529 6962 2065 1981 4072 5364 6629 2308 2719 9653 2010 3296 8002 4755 3794 1018 4886 8249 3289 
25 6031 4048 6985 5014 1211 7508 2229 3761 5305 7462 6522 5080 1690 5175 1836 2816 903 2750 3357 4287 4401 6941 5159 5737 9831 
25 2571 3758 9255 6475 6705 1352 5713 458 6460 9987 3689 5180 6833 7528 3010 1839 591 4386 5573 2302 9759 6725 5545 432 5543 
20 9291 2436 448 6420 7174 4607 952 4784 1638 3075 7624 26 4173 8599 6162 6753 6099 8724 8948 2410 
23 4094 1447 442 4807 9680 2660 3507 3139 3340 7046 6325 8347 2097 1950 5319 4581 1661 5015 5207 8666 6973 5973 2724 
29 3281 6884 493 1252 9751 3807 7041 4477 8860 2809 3597 8534 8961 1988 7582 8812 1068 5898 9786 8900 6295 8409 3653 8145 4399 3742 9446 2839 7758 
26 4379 3067 839 5351 2997 2979 7761 8266 8502 1591 9139 5016 8345 676 3074 3908 7674 3503 2202 1242 4931 6606 1669 6978 3126 4432 
23 5902 9733 5858 782 6119 1676 7466 7793 2630 5692 4002 4620 8270 7753 4732 3318 7670 3272 9873 1366 7297 5813 4319 
24 3654 2207 3669 9858 30 65 9330 8974 8775 9709 9727 9616 8567 7661 1321 3764 8568 593 5791 8579 1482 1118 1115 4803 
21 7141 2828 6168 9640 1201 7110 2548 3277 8863 6874 5416 8632 9802 2066 9076 2349 5531 1581 4844 9545 8301 
26 6900 1414 873 8034 5228 9684 2667 9837 550 8428 2837 2805 7599 6923 815 2283 5930 8604 4943 1798 246 5075 2521 4310 7002 5029 
24 4839 739 2335 3773 2639 169 9364 8378 5576 4853 8662 1461 8764 7791 2433 3960 7061 7023 73 8983 2098 8508 2221 472 
28 4742 1773 9011 3411 7567 9118 6133 2551 9928 7267 1428 4086 5909 4093 1668 7708 8732 9966 5905 5850 393 8839 4814 3814 2298 712 3284 8527 
15 8670 2385 7576 249 7873 8413 3963 8563 6372 4306 5612 4793 5688 2864 2516 
26 3444 7188 2788 2305 956 2916 5690 5452 5792 1392 6437 4406 8031 9554 6149 6117 813 1678 8469 9924 3189 8825 5749 8622 2134 7825 
27 5341 8932 3170 1221 2132 208 2343 9132 5910 9328 2612 816 3959 6612 7886 6709 2728 3217 5820 1708 5028 1173 2976 1514 6981 7824 9573 
23 9799 3197 5654 9769 6825 3775 4744 9604 4838 4473 3182 6366 964 1387 7273 3599 9515 4492 4458 5264 5248 1898 2463 
28 6466 8024 8346 2783 9743 300 5830 3133 9720 7806 3454 6824 6444 909 731 4452 9732 45 2674 1916 4095 8276 8132 1802 9427 1288 301 8941 
25 6815 4260 5090 8434 656 1324 1846 2220 8485 2021 7142 866 5986 3161 5851 4650 9344 3728 9745 1044 4463 4077 371 3688 5273 
22 2920 1384 8892 6255 7870 8192 7503 3031 724 8299 4190 8969 1298 5000 4182 2666 3125 1028 362 5563 7424 7766 
28 8708 4706 209 8157 1175 2799 2613 9070 1455 3157 1203 395 1396 6712 5786 4902 8161 5383 7868 1730 1764 9149 3367 6914 3741 749 8690 391 
27 8640 7104 5017 1640 1628 66 7513 2395 6909 9208 3570 1819 4272 3748 2522 6600 7942 2752 8455 373 2624 2946 3260 4729 4531 9721 2225 
24 1883 666 846 9209 2665 9031 3429 1679 6578 1753 9337 8672 6414 9865 6827 4849 3301 1915 3882 3745 3914 3676 6246 8552 
24 8731 7704 6164 4088 1845 141 7010 938 76 9056 4096 8383 2939 5498 5893 6499 5588 5800 2131 9956 9922 4841 9977 4042 
21 7270 6454 5069 7729 8296 3874 2370 678 1217 6983 4982 1786 8286 1505 9695 8202 3861 4052 8735 1923 9796 
28 8675 7864 7471 6307 8448 5422 1346 4213 2467 1292 8988 2945 3201 7062 7802 7047 6086 5796 3820 7854 460 9875 4859 1234 8858 4424 796 1646 
21 9523 4414 8426 9297 9190 2059 6172 1023 8111 9593 7328 7978 1033 773 6109 2251 955 8371 7649 3690 4725 
21 8878 730 8995 7364 772 4006 9838 8650 67 8141 5367 9175 4560 1249 6520 4949 705 7509 2843 5623 5294 
27 8292 2426 6003 3915 3537 8030 4497 8101 7569 544 1193 4378 399 9114 6105 3130 5969 2419 1238 5518 4367 1739 9467 9960 3378 2286 8453 
19 6694 7325 4990 523 7724 3561 2636 4212 4204 4420 3916 5427 1498 4448 4672 1849 8943 8433 8847 
25 700 6493 128 975 1399 425 133 4669 4988 9894 2854 2560 7012 7330 3506 3382 6472 747 4183 5429 927 2606 6241 4013 1247 
23 5343 7575 7686 2817 9948 1257 6178 6743 3593 8903 5292 1649 4621 487 7360 628 1333 8514 7740 3702 8082 6118 4662 
26 423 5727 8447 8254 6575 2732 6956 876 4528 196 618 8010 1266 213 6027 6126 6229 7550 3363 6732 4108 5960 4823 8385 4133 3097 
26 7657 7891 4717 1725 2753 3731 4989 1071 8063 1905 1275 9955 2990 6249 9162 8885 6303 717 7185 6040 8633 410 307 8468 6569 3850 
22 5137 9925 2173 4062 9333 5268 9541 6556 4567 2334 6079 7890 3118 8457 8408 9606 7469 5459 8636 3887 7182 4750 
18 1178 933 660 896 120 3086 3574 9542 1283 4941 1432 4680 6936 5833 9552 5937 9396 6087 
26 2015 989 506 354 6589 1081 9441 7493 1800 6375 3011 5274 7405 6734 9269 9989 8162 2514 9356 9840 869 1903 8572 6955 6266 1226 
27 4894 1605 150 210 5620 7628 5287 175 649 7488 10 5154 8590 8842 7521 6803 8003 7706 5261 5961 1506 5657 7836 5224 2170 831 1642 
27 5335 8458 1090 3830 7323 3270 7387 9177 2291 3691 8857 7266 6306 2237 6996 441 50 9621 5736 1241 7688 7338 6770 3734 2554 5312 590 
28 3580 2899 1908 5955 2896 9972 9612 8644 2048 1598 7594 3145 688 7531 4335 7923 9531 5327 2672 995 4402 9525 7681 4861 1497 9646 1841 8171 
24 3167 1625 1995 1580 2999 7464 9054 7920 6722 9205 1154 6858 9366 4631 7590 7500 5153 71 8899 9197 314 3042 3903 6257 
24 9581 6189 902 6450 3319 3789 5082 4366 1166 7680 2737 7842 4464 7016 1789 7408 6935 9530 5762 5845 5922 1287 7818 7436 
25 1040 4437 248 419 9314 8059 3784 3952 9652 9592 1980 5005 9697 7265 2700 8596 2617 9126 7780 5337 5894 844 3390 3718 2862 
23 1305 1784 3291 7382 871 64 7176 1104 8843 936 686 5537 4322 1824 2367 8889 5826 2668 4321 788 8488 7017 3611 
23 6695 3697 3459 9385 5511 1686 8529 7068 2680 2846 6515 3767 8402 9342 3956 7992 8759 145 2046 2764 1969 6750 4186 
18 610 1332 9691 5562 3539 5250 1383 6527 6314 9399 7895 4864 8723 4633 4896 6788 2786 7393 
25 4309 7020 608 1200 4028 6498 7684 7822 7949 1061 4365 4000 3495 1999 43 6671 8846 2475 7821 7559 2594 1295 9608 6789 7375 
28 2949 9406 2106 8536 7737 7034 92 7282 4858 9226 8659 6281 9113 4614 1357 2524 3736 752 5605 6632 44 7450 269 5162 3633 5150 3665 8535 
24 2247 9595 3092 6000 3972 6251 8062 847 9826 6495 9941 4368 5877 6945 3376 2873 6611 9904 784 5869 7251 1356 7335 4145 
26 768 5535 5347 3940 5241 444 883 3862 2645 8140 5102 2478 6137 5793 9518 4385 1732 8859 3192 9590 2080 4551 4230 7951 3093 1019 
25 474 874 5282 5668 4880 5642 5838 5962 7422 8760 582 7341 9780 3635 7292 8778 9730 5336 1610 4037 5461 8913 5591 6840 3562 
27 4059 817 481 8079 6474 617 5260 7907 9822 5684 4014 7754 4106 5640 3061 8471 528 2428 4500 8180 1144 8683 1133 6514 298 4799 5723 
22 4377 8425 8573 6296 8133 1627 5375 1169 3675 4796 8304 3438 4514 3355 9308 5144 8894 1481 2970 1180 3264 5848 
26 9514 945 4848 8521 6352 6984 5263 8243 4798 1589 6190 5004 9153 1382 6483 2553 3383 5321 9468 7225 4447 4616 810 2914 4140 6170 
28 4214 9087 1177 3565 4854 8671 6101 5033 3173 2234 2989 134 2452 4407 1964 2325 8081 8362 1711 6531 5936 2387 861 123 8389 259 2940 3825 
24 394 8965 9954 5382 3610 7394 11 6513 7326 3808 7723 7447 9683 4501 9032 2001 4598 6929 4743 1848 9690 9277 7215 9558 
23 4758 5721 1121 417 6903 3038 6643 4070 6610 2396 5484 8252 6847 9455 6075 8032 7473 1793 2460 5926 6631 3860 5390 
29 7877 109 2975 935 7579 529 7558 5899 2921 463 4453 9574 740 5733 6846 5681 748 7443 8966 75 5297 7523 9145 3872 900 3369 329 962 2926 
22 219 4959 200 3334 3615 2288 4147 7904 6863 6231 8153 7098 8170 9327 2913 7033 5142 5266 9942 6435 4354 7376 
22 9698 3249 8784 7430 1111 1381 6243 9508 194 9783 7024 6785 8336 6960 7482 7634 2339 1120 7863 1456 5547 1020 
24 7640 726 9744 2181 671 7239 2110 7222 612 6235 8748 4660 1882 6675 2155 3538 2858 7589 9501 8893 308 9910 1055 3032 
26 734 9920 5636 7666 9634 2464 5557 4924 5610 3799 9379 5976 1047 5093 3484 9930 703 5505 2028 1704 1284 9787 3184 1826 4987 8874 
25 5304 6110 2511 3966 6729 9738 8597 3364 3735 1960 1541 7231 4440 7651 1727 1094 3827 416 3226 6011 1825 8487 2697 2656 424 
26 9752 5213 4467 3051 4205 8809 2393 6683 320 3079 1031 3045 539 8390 2351 5098 9883 8771 3177 4668 2747 4967 6782 7001 9938 638 
23 1867 5359 854 135 9345 7477 3290 9505 280 4314 7918 242 9533 9372 5590 8845 6154 7279 630 1285 197 2113 1652 
24 3471 4885 1869 9735 8348 9466 4356 6904 4654 586 9919 4092 5083 2950 6008 7556 2619 9726 4999 4991 5578 2623 3791 7173 
27 5027 8736 3138 5212 266 3453 9570 4532 6757 1791 6114 7672 1597 2109 2462 4572 7032 1611 5761 9066 4577 6341 1427 5806 8311 4553 8350 
28 4435 6004 1970 2577 8955 4318 6132 9408 1299 3901 1944 2151 515 256 8817 5052 2584 5215 2487 2454 1575 3835 7539 4813 6979 8808 5458 5253 
22 8728 3596 8967 2954 6103 5039 4499 9351 9183 6854 2084 2500 7124 503 6554 2792 1462 4129 9007 5942 4390 9736 
22 1528 4877 9636 1755 6346 6476 8595 1532 4832 7630 527 1235 6517 7031 1244 6194 1354 6950 8168 729 566 3588 
25 585 9463 6879 1365 8909 5221 3986 5630 7077 8576 3763 9185 1622 456 1017 3662 7908 4253 5775 8639 1893 7803 1809 7996 5108 
23 8102 5856 364 9429 3146 2565 7931 7898 4964 171 5216 5577 6332 9350 3590 331 2029 9108 2811 3084 6217 3638 722 
26 7929 4184 2690 5120 8085 8194 1459 6081 3946 6056 8334 5999 4569 1042 2756 7072 1806 6324 3774 8269 9854 3797 5388 3656 9937 4243 
26 7911 4208 9045 1326 1245 9375 6737 2108 8510 1466 3328 7363 5651 2634 4345 2749 2378 858 3548 6835 5450 3423 6448 3957 2456 5508 
22 4066 1803 2036 7847 8191 8645 6331 1947 6290 6939 6862 4429 4881 8076 5513 7358 4983 1213 5348 7606 1195 7713 
22 3253 7347 7253 7209 422 4944 382 6566 2332 3443 9490 1000 5639 1691 7022 1526 1379 2490 3627 6015 1951 6185 
18 8227 2654 4045 1855 589 385 1538 6636 760 5492 3479 1153 2746 9596 2161 4162 3110 3969 
28 5299 9052 4794 1267 6034 8368 9265 3623 4300 74 8416 1810 5208 1702 5340 809 9748 6471 5863 8912 9932 5781 2853 9502 1279 4918 9454 2819 
22 3693 4648 6567 849 8742 7643 4353 8918 4486 592 3508 6873 2486 9295 5194 3953 5030 5613 2450 8384 8430 9673 
30 6002 6485 5510 6012 7662 6024 5279 4958 5064 5709 8871 9141 129 2024 5810 3682 1011 4801 9591 1107 1036 6284 9041 7902 9808 5667 9010 5455 4018 2441 
26 273 8149 6155 9289 3542 8973 7811 7817 2290 3210 3722 2205 4903 5548 6679 7960 3187 124 2483 143 6278 4363 8352 443 3046 6113 
28 7293 3049 1697 1959 2635 5601 2919 1595 8164 9482 7381 5473 9754 3674 8325 9929 5524 7893 3706 1440 1063 7518 6343 4392 4305 6994 587 8710 
27 303 9473 4673 8868 4613 6480 2663 2292 6121 6915 2052 7809 6397 3379 7969 4831 4900 8972 1162 7144 6049 7055 6394 9567 2998 5449 8123 
24 6831 9996 3105 2570 3112 9135 7445 1912 6098 9160 7149 7094 7570 9824 727 4118 4193 664 2812 783 9507 3838 9317 3617 
30 8703 3826 5025 3602 5503 6009 5994 4617 2468 9607 5353 1041 8289 9988 6204 4359 3878 9594 6227 1851 1413 1737 8880 427 6482 107 4220 9095 6364 710 
22 7227 8412 6197 698 9167 4608 9779 9706 5421 9060 4234 3452 2403 7747 3806 2168 7827 8837 7437 6876 8519 3185 
24 568 7792 2056 5602 9158 4541 9900 9019 6363 4043 6609 3262 3330 7860 5975 2579 5677 4465 5641 1390 4995 3172 3218 465 
23 2917 9452 3821 5699 5495 4713 3062 6544 6064 153 5019 8525 745 7362 6310 3552 5276 1788 4563 7026 8363 1887 8054 
23 9979 7435 7346 9068 2585 397 5356 1820 3997 9734 5694 8693 238 2430 5479 9587 4342 504 4926 766 2326 6294 3386 
25 2941 6044 4233 2717 9579 5160 4895 1603 1736 9778 3077 4312 3832 693 3401 9093 3890 8756 204 6193 2985 2833 9259 980 6919 
27 3869 1609 8774 1260 1977 5660 7732 599 4293 6987 3463 5379 232 8025 7646 8360 5852 6990 9323 1126 5281 7671 2886 1582 2794 9918 8957 
17 3817 5991 9497 8719 9584 8911 6102 9163 173 5258 471 8330 532 9013 3870 9638 9536 
24 8420 789 8338 4826 3701 4953 9481 2842 4111 8225 8064 4357 3377 1604 4754 7962 2860 8084 9414 7038 6018 2908 1602 8594 
24 29 8213 4352 9562 2409 81 4696 7501 8407 8624 6821 4899 2955 8415 7635 3577 6299 3171 1927 8762 5745 4261 218 2845 
27 2869 5112 4109 435 2754 9710 3746 6082 8244 8288 8952 6708 3174 3150 2740 2087 8931 9945 2162 9365 179 3273 140 8910 7673 7881 737 
26 7861 7451 5089 565 7438 4643 7284 5700 8814 4219 2142 9480 4442 968 973 1828 4240 2778 7067 6017 9794 5131 4418 1148 2609 7789 
29 4855 3410 2147 5626 57 4035 5267 709 2270 7604 7609 9998 2580 4890 1486 1502 5943 7333 7925 1270 3649 5546 5884 5895 4189 5599 5718 2238 2848 
22 3321 8421 7745 3896 8533 5074 4515 4358 1310 6205 8115 4222 5333 7060 5574 848 1404 3071 1868 6685 12 437 
21 9913 326 4705 9457 1415 3122 8214 1159 2850 2793 4963 264 569 2801 6957 4215 2879 3727 9585 321 7986 
29 622 1251 9030 4225 7172 5187 5124 4888 9566 4939 6674 235 8470 3027 2039 4925 9086 8776 6215 8041 1742 8794 3302 2067 4061 3942 4079 3975 4911 
28 9084 3910 5285 4020 4297 3477 4862 8800 7370 7037 9298 6447 9278 1932 261 3873 7945 6755 9398 4427 7593 7300 7744 9200 8130 845 7527 5415 
23 9670 5875 8351 7683 2041 5169 8667 4270 4301 4426 405 863 3142 4100 2708 5286 8349 7644 5403 5121 8000 7524 7235 
19 3578 9109 3531 674 4767 1709 2345 9247 4471 3523 570 3937 2650 51 4434 2007 2847 1473 3043 
27 7229 5818 9495 5957 8167 4021 2602 8990 8018 7120 6898 1814 8906 2279 3935 8335 6532 9081 1397 3348 5927 9339 16 4723 4759 3892 626 
26 8520 7357 3541 3058 9477 3117 5344 9647 3314 4628 6642 1420 5072 7807 1296 1796 1857 7820 9801 4381 1089 4548 5095 8994 9609 5629 
24 3168 2589 5541 8088 6832 3751 7547 3595 6505 8314 8436 8181 7887 7979 8558 2987 2249 650 4510 3287 9129 4506 9281 7641 
24 9679 5881 8203 6360 8816 476 8953 1612 83 9213 3065 5502 3374 8828 1131 5488 9415 9088 4229 3766 5252 2196 2961 4069 
21 8962 2736 2209 1188 5567 8253 3796 1749 7003 478 8461 7703 8655 8499 4288 3488 9266 8152 3400 7714 8582 
24 1724 3333 8832 655 119 2591 4449 8705 274 5767 2611 7584 7377 9959 8297 8744 5752 1445 38 299 1813 3863 398 7093 
29 5598 2538 9602 9633 98 6076 7912 6367 9303 7414 6519 6353 2390 7125 4852 2068 2991 8495 3419 7738 6736 9582 1185 5788 8891 5978 7154 1705 4124 
27 3988 3236 4910 5156 1797 3215 6537 7256 5764 9474 6389 4033 151 7520 8673 4874 4152 3001 6230 6092 1881 6136 6373 8538 794 9990 2273 
27 5934 9851 9556 9830 5678 7162 6902 3648 4689 7843 4068 103 2213 4632 634 470 7345 963 4039 6388 5206 207 6028 5691 8240 7458 1569 
24 5860 7114 5540 4482 1667 645 2404 8782 2040 6104 6926 4032 3233 8129 2936 2405 3431 8727 5127 1641 455 4339 9589 3929 
28 2008 4583 8323 7554 881 6639 6871 546 2558 9639 7987 7647 1781 6773 8822 3919 7699 6276 6918 9332 3899 2878 3950 3460 1536 8897 9860 2508 
24 6807 1734 5748 1997 3936 6274 3421 2228 3339 5023 3699 6790 6362 3659 8944 7835 2510 9891 8275 1662 3983 5058 7772 2276 
26 1543 7512 8040 3375 6356 1509 2377 4884 6932 6181 2557 8481 6116 8199 1229 5157 8975 5742 5081 3486 8205 8313 937 7289 8001 8947 
28 4058 699 661 9874 9871 9678 8806 3970 8160 3851 4685 9368 8212 8261 9376 733 4097 3242 9807 5119 9047 2575 2902 9600 7959 5596 5889 4374 
25 1560 9306 4815 1873 5012 3949 2790 5394 9789 9444 8545 2437 5600 9682 4076 3704 1554 3805 4954 5638 1877 1114 4778 9374 8069 
27 9393 6658 7379 6128 3879 3818 7411 514 7830 2141 2025 3977 8649 9384 1075 5384 8905 2555 1196 5916 1928 1426 1280 13 2152 9753 3528 
24 5885 3575 368 381 1745 1475 2906 509 2248 1123 3282 7879 3939 4423 7015 5414 2379 8570 6516 4542 1403 9494 4446 3880 
22 2356 3384 1524 8219 5371 8493 7474 7205 3295 3547 8811 6733 8824 25 346 642 5515 3254 7008 438 795 8377 
21 489 6662 7804 3993 4971 1785 4330 5104 8291 1555 4439 7470 1657 9069 9057 7983 756 1633 1958 8057 5631 
27 1900 6329 3362 3493 6270 9617 294 7764 5941 779 1681 517 6262 940 1493 5401 558 4187 7838 3733 8714 1808 9439 258 3343 8083 5063 
22 6424 9666 9078 3739 2952 9564 7274 9729 2402 6140 7148 6861 1140 1463 4868 5671 5067 8089 1699 8327 3535 976 
29 2020 3311 6239 7086 3445 2180 7636 1453 7169 118 7727 3450 1656 6167 3893 2017 985 4529 5430 1925 4655 9206 2743 429 7888 7530 8078 3620 4120 
25 8758 1421 9951 7092 9475 3315 9440 1639 8097 4533 5583 5167 997 6798 309 7852 4001 8356 1080 7980 6834 6844 7801 906 231 
30 7499 3651 3368 7243 5593 7448 1355 643 6163 7872 3710 1688 9421 6897 9547 6131 9597 3448 3955 4827 1520 4146 1334 9648 3644 9775 2259 8541 1318 9227 
27 7463 6740 1002 211 4331 8617 3394 6868 6391 93 5139 1145 6014 1072 9688 3553 5330 2699 3206 5438 8393 8056 5407 2145 9818 6650 3458 
28 4788 3430 2440 8128 5751 6336 9394 4441 897 536 5670 4809 4878 5313 4369 6528 8522 5346 6084 1675 8046 6933 8716 5362 2457 758 8185 4891 
27 9619 3029 2401 5756 1557 992 7344 3930 5076 4221 5959 7164 4075 1682 3136 8697 4334 7258 6506 6781 9777 6621 8222 2103 2210 4286 3848 
26 5717 4196 2112 951 4139 5866 8970 377 5550 9358 8883 5482 3351 2903 3912 3244 3917 3668 904 7756 7170 6390 0 3923 898 2627 
26 961 190 7373 5711 615 1146 1062 8312 8125 7866 8108 7718 9917 859 5350 227 7771 7695 404 6797 4596 8802 4413 421 1014 6911 
22 7013 1 8938 2035 2314 5211 2383 3894 6187 4992 3650 2685 4336 850 9050 158 1156 1362 1495 4242 1454 9770 
23 1005 6747 9813 6340 6398 9116 5238 9836 4588 3550 4845 3316 6617 1976 3352 2012 5985 7218 3131 1022 5551 1001 9354 
26 3371 7585 9252 7692 7048 2885 4921 8134 692 4777 7403 5068 1926 4876 1578 7970 8318 7639 1484 804 6417 2905 8260 6559 3480 3064 
24 9847 627 1100 7787 3614 189 3509 7145 6619 1842 4489 9080 9798 2687 4438 2127 765 486 6401 6323 3671 1147 9993 247 
25 6780 2324 8574 2074 5036 1480 403 7971 6883 9299 5472 2631 8779 5420 1941 3519 7371 7655 6640 1594 5617 3180 926 5817 1439 
29 5161 166 3066 7572 2000 6357 767 97 9089 9896 8901 3772 3962 7340 3053 6176 9017 96 2183 2101 988 2071 8658 8100 1202 7814 9749 7586 2117 
24 9563 7846 2338 152 6222 7457 8686 4871 3584 5527 7909 9933 1457 8852 9453 981 6489 9521 4860 7412 383 5874 3928 6795 
27 9409 5990 2711 8915 9492 2323 5405 821 1643 2760 8540 7940 5704 3234 5575 6791 2111 3642 9728 3695 573 7739 6334 4364 662 1087 8850 
27 7956 1635 3510 1240 6818 7492 629 4247 6882 7924 4394 4539 4692 7195 1566 6801 420 3214 4254 9856 2638 8934 4604 8096 7702 4790 7795 
21 8086 4511 8410 9483 7534 7515 285 8562 9000 9498 4198 7007 7581 6557 3678 7053 5949 9390 317 2032 1359 
29 6160 4575 513 5566 9100 6272 1902 9809 9812 542 3216 3925 7178 714 8143 4993 3331 6620 6555 6628 3809 1172 3324 1059 2671 3819 8404 6853 939 
23 9504 7535 7837 7829 4564 9015 9968 7220 2561 53 8738 1449 9565 2911 9893 7157 5797 3252 2574 6368 1751 2172 8921 
26 4494 9965 3786 5182 2250 1587 5409 459 5844 402 2829 5411 2595 1783 3406 7551 2834 2254 7656 8117 2569 3852 9999 4231 579 144 
29 4618 6843 5517 206 3554 4585 9832 1746 3909 9438 5725 4625 9758 6625 7352 8250 7536 974 6309 6860 8388 3726 620 7963 7317 7369 5652 8641 4622 
24 5300 1860 9012 6718 7277 4372 233 2480 2622 6138 2268 7298 728 9152 2004 5110 6972 8405 4574 351 7261 5204 7350 6441 
21 3692 6849 1527 3666 7434 3205 4398 1433 6156 2607 3135 5385 2175 7734 8200 6686 7678 5867 6676 2090 4846 
24 8890 4555 9075 7187 5101 833 2063 3556 6459 4591 9867 7313 1237 3018 1811 6328 3804 6826 522 7947 8589 1408 1472 1948 
24 3025 9935 6202 8803 5627 6313 156 3981 3621 3790 1339 6539 983 6947 9161 4116 960 2472 1899 5831 8602 2593 9577 6479 
28 9901 8209 7648 41 1963 4914 159 7941 2388 6562 7691 928 6146 8750 877 8526 1485 3361 5754 2257 7029 2427 9715 9048 8441 679 2312 9906 
26 2316 3245 9316 4920 3680 3721 7152 6672 7197 6218 8799 857 2444 4460 9767 214 6948 2354 1151 1623 2201 625 9443 9359 5446 5646 
23 4829 6200 3370 6247 6946 2122 1271 9701 7006 6223 6038 6655 9739 7773 6720 1608 440 9568 9432 4516 3858 3984 9472 
28 3055 5358 5507 2425 9450 6703 9165 1521 5219 538 9192 9436 126 4136 9250 450 3412 8907 8660 7181 3166 5555 1507 9861 9210 1823 4951 2755 
21 2720 9649 3557 4830 4024 646 5951 7316 1872 6800 8741 7972 9148 5071 3246 6501 6287 6635 1327 6492 7049 
26 7005 2520 1530 2518 982 1835 993 7915 1417 3225 17 333 534 1650 7897 621 4945 5989 2188 9898 6445 4226 1052 4127 3514 557 
26 7928 4537 5425 9105 6966 1311 8151 2412 9322 543 3416 1933 5950 4512 3283 5288 4576 7 5897 8685 9154 3886 7964 8 3014 1559 
23 7849 2603 2915 9485 5303 4656 225 9186 9377 9843 6604 8060 7976 5078 4719 451 4022 5272 8070 4976 2200 6585 5538 
28 3629 9852 2455 5777 6856 5433 292 1263 9844 6999 1264 2713 4073 1130 2684 9506 6282 3385 7652 1108 6232 2870 390 188 5499 2280 9311 2203 
26 7936 502 9804 2771 4327 5967 4828 1568 4343 744 6415 5565 8628 250 4745 2018 520 9535 2647 2779 2372 2114 2628 7565 82 2964 
30 5716 7687 3947 2261 9557 3057 5766 2044 8869 1752 5514 5289 8646 2851 433 7076 5220 195 5570 3634 9211 3094 229 5048 3415 4172 1585 6 5179 1929 
25 3743 6558 8274 601 2927 1487 3393 4802 310 1822 2443 510 5728 8821 5257 9855 3132 9903 9036 8942 1938 436 3871 6348 8217 
28 5192 6735 6192 9512 3433 9156 5619 7984 352 9479 4942 8105 8074 619 9877 1351 2892 2757 2222 9991 4298 5126 9692 7617 3652 535 430 5841 
29 5324 3276 8328 4285 7380 8298 4792 3099 147 8721 624 3213 6728 5872 6823 2995 7605 6511 1996 8537 8625 9905 3219 3265 5269 8156 2224 5265 8331 
26 3555 6654 6053 5920 2992 6969 9138 6744 2184 6201 2614 8997 5763 7782 8569 7622 8496 2371 2889 9615 3303 6701 7432 4691 8137 5504 
23 2384 161 3530 5553 6605 112 4947 9318 3511 4619 4674 3639 1361 7841 345 6071 9217 2689 341 4785 1093 325 2813 
25 8175 8271 8629 802 3740 9065 1565 7150 230 5519 7796 6171 4710 9821 5805 5203 6370 7851 3771 6143 4375 5011 6158 1892 2169 
30 1515 6851 6125 9524 950 7665 7633 3646 7933 8511 6681 3436 2633 3241 7285 8601 1901 6906 3927 1906 3440 838 4294 6592 2830 6070 602 4695 3255 5586 
24 297 892 7867 3566 7710 2033 9249 8444 412 8400 2129 9489 9978 6777 7272 2267 3485 9491 2744 9540 4530 2730 7138 8119 
27 6529 3579 2626 9702 4228 633 1511 3770 5995 5608 9324 8293 594 3856 3235 1026 6175 9598 6651 3954 3309 4812 4180 2013 8091 7742 3346 
27 6783 8557 8198 2967 7883 2981 8058 6925 9268 4550 7440 8343 8881 7819 8387 6429 9686 6661 8754 9178 9841 480 7083 6291 4683 757 2055 
29 6965 1323 2293 8978 1460 6652 6280 584 1197 4857 6769 1756 1982 8067 7720 7616 941 4513 8172 8733 5843 2266 4998 6872 4134 901 6051 5939 3618 
26 5381 5113 4665 4421 7494 3583 5622 9159 4224 9001 9038 434 4770 2563 3446 870 6667 8047 2891 2096 9434 7374 3349 3762 1009 4955 
27 7429 5034 9869 7446 2178 8951 5679 9424 9264 2057 2907 1464 1850 2844 7552 9866 2763 5542 6852 4110 4797 5924 7938 3417 8580 6931 3812 
28 6952 2536 2143 9947 5158 704 2128 6179 6885 6571 2078 7788 2299 9244 2876 6174 5007 291 5946 6768 882 6074 3971 6627 2610 790 3723 9766 
22 8773 6058 6647 3165 121 9823 8788 3686 7179 2214 5870 7855 6787 5772 2306 148 5130 4611 5368 2185 7937 3021 
24 6633 3294 8440 4869 4410 7548 3513 6484 2054 4981 137 7507 2153 5002 361 5525 180 389 9294 6096 8888 6461 8959 8789 
24 2519 3918 1689 596 5234 7245 7118 7769 5526 9882 8218 257 1590 999 104 7543 9723 1744 1086 3571 8232 234 7131 3380 
29 1833 842 7546 5892 2442 3047 9262 178 9288 6582 9319 8550 7750 4232 9816 9224 1666 6697 5882 2030 5832 7050 418 1085 4269 7044 9637 1377 5020 
27 1866 6875 9628 69 8173 2937 1660 8220 15 6134 680 8344 6130 8680 9009 814 4341 9034 5842 1607 5197 2064 5581 8606 2133 8044 5672 
25 6663 2424 4624 3188 761 1079 6784 1098 5907 987 6680 4646 9848 8829 2871 2416 673 9417 7390 5246 491 540 9876 8862 1212 
25 7399 3989 1010 4376 4806 8555 5366 8585 1942 5569 2938 5073 889 2546 4276 3700 2494 1056 5918 2727 3911 7600 1576 1758 142 
29 9626 4475 3849 4396 856 7043 2240 934 2082 1470 3474 6730 6622 3841 8438 5106 525 7299 5997 6812 1936 3600 6335 1336 3128 349 2836 1261 1134 
29 5086 5218 4935 4867 1500 1102 4664 46 115 9433 9992 6406 282 6378 6977 1889 8077 198 3517 1205 9173 407 3033 6828 8861 8648 1909 464 1510 
28 1992 8548 3865 4250 3116 1232 4034 9151 4302 6443 6864 1767 2715 2358 4915 7291 605 9102 878 8231 9953 4313 1935 5345 4731 8278 2659 9476 
27 8950 2495 7602 8940 2984 2652 5100 7456 8815 9784 2808 7237 2532 4351 7095 1370 6400 8215 6760 5354 2798 3964 2361 7496 2157 5876 1006 
27 2009 2957 8382 4520 6374 2330 5481 4236 4642 1876 7587 7798 3913 6308 5925 4571 3730 7247 3933 5493 3175 3703 7359 3576 1064 4962 3559 
28 7810 7553 7406 7102 146 8112 8379 5008 7573 8446 4456 6165 5155 2710 2789 7786 5696 8886 5585 3769 6369 5229 4422 8999 5964 1425 828 5230 
23 3442 4112 5307 3616 8155 7096 6283 524 9221 6866 9880 5785 4805 5968 2088 3581 915 6890 4132 9984 31 9997 7161 
25 920 5237 2566 2245 2651 3169 1985 6630 8638 6463 1953 1314 5705 2285 7591 5945 750 6766 9373 6449 1586 6088 4 6881 2208 
26 8559 1228 533 640 9171 4595 2386 9731 8099 275 3757 7529 386 2099 8992 7449 2420 1971 4527 4462 191 2353 6715 4157 3120 7058 
25 1105 7574 6739 9242 4764 9641 7770 1248 2835 8307 9722 4730 8165 7583 7832 1769 4505 1807 8497 1478 5974 9203 3304 3529 8722 
23 6822 6877 5205 1994 7444 3729 683 9462 243 2311 4715 1165 8914 3312 2038 2069 2255 6796 7423 9601 2411 3591 9430 
24 8204 5049 3717 9251 9272 929 8494 1871 5464 278 3391 7914 4870 9437 6054 5823 7421 8818 7485 8295 5316 6112 8980 4268 
26 6913 8055 5890 2399 4733 2304 4017 6213 1458 4498 4821 947 4543 9225 7741 7875 2785 8528 6432 3209 5178 5928 5435 1663 5819 4865 
20 1978 1192 9199 4584 8603 4787 7926 3039 9292 3630 7177 2545 7385 1155 1214 1780 7522 4283 5254 8397 
28 9888 3655 2657 9353 1685 5584 7730 7516 9370 5933 3070 3356 7560 1516 1116 654 6286 1265 9099 8443 6688 5940 8053 3002 5811 7146 343 8154 
20 48 400 6473 8785 9761 2797 2072 7564 6120 3967 2535 1626 2485 1632 9310 2331 4818 108 5408 4538 
28 3549 4873 7319 3220 611 3482 1101 2543 6808 862 4263 9983 304 5097 5166 3437 9665 1696 8954 4192 4178 3705 7491 7885 316 4522 4057 9677 
25 2581 6141 7309 3829 3469 4209 6905 319 8516 1714 8432 34 4419 7982 5084 3096 2317 4361 9528 2435 2307 9782 2540 9176 8131 
26 55 2297 2934 2060 4913 659 9228 4019 8491 8749 1834 8169 6540 6055 3195 253 6938 3497 8287 2968 2629 7416 8139 1972 3347 8122 
30 6115 1794 8464 4863 8419 1369 553 3793 3228 8150 8326 5523 6436 9630 22 1945 5186 8013 8896 7973 4975 3803 79 9887 7349 7717 9198 8482 5682 6494 
25 2432 7198 5757 9625 9164 572 4344 8981 6727 130 946 6820 9150 3824 787 5840 7858 2342 2392 8364 4780 5431 8879 4649 3755 
23 375 8848 1223 9795 4957 8037 4130 4623 1692 5386 1012 7650 7588 2445 7295 6892 8677 8866 6616 7166 7011 6507 5244 
22 2986 9974 9401 3073 4658 1884 9576 8303 4317 8689 9704 3088 6427 8985 5784 3558 8036 8507 9220 4741 1207 4716 
25 8310 2079 499 6809 8324 462 8075 9849 6345 9300 6806 1286 5919 5655 7844 4201 2872 4480 9662 68 7348 822 948 6288 4156 
23 7862 5954 5662 9341 6618 2045 8968 6452 6083 1078 9957 6525 7921 6001 3158 785 8561 4670 9660 1952 8647 770 4177 
21 5402 1492 5554 5054 4493 6078 4415 578 5441 1416 5687 9572 2336 827 5114 4325 6207 7079 4267 3679 2163 
27 9020 7329 328 284 1949 2160 9539 5632 2958 2898 387 613 9302 1818 8258 6560 9395 7201 8365 1775 1703 860 452 3637 6242 4350 3643 
25 3647 3325 9127 9195 454 6548 2670 5040 2344 6326 6552 8532 8442 5490 1388 2894 9285 6937 2002 9750 944 7880 6993 7719 7223 
25 2912 6502 5466 6069 4029 4629 6989 4965 5123 6036 6775 5026 991 7353 537 6995 7238 4191 1615 971 2925 9336 2448 406 6260 
27 9313 477 2780 4657 3054 607 3326 1768 2043 9724 3007 6830 1525 6043 5184 1316 4932 2971 6568 7658 324 7213 2094 7950 3298 4568 6221 
27 4948 5829 7442 3119 1886 2115 3905 8820 5021 7262 357 3 8009 5136 5611 1621 6091 7892 5648 3934 1442 6300 644 7905 3712 6073 8870 
27 6670 3196 5377 3017 4409 908 7221 1875 4340 9155 3907 6779 8591 2148 8676 500 3353 4051 160 1216 3240 7859 4589 9223 3715 392 8147 
28 8564 9685 8979 5887 830 4007 2355 7816 4866 8691 9785 3293 9884 2923 1629 9425 8039 2303 3059 4952 8472 9689 5935 9772 7946 9781 4281 7441 
29 4008 3540 3068 2167 6261 2473 8403 4699 7103 2366 2264 7865 3948 366 4044 1572 6387 1965 5738 2932 5231 3019 7910 6889 932 2698 5239 5046 1038 
24 6321 475 1644 7216 2374 7778 8960 5486 2768 1435 5349 9788 7997 5196 5463 3810 6097 8834 3095 6045 8613 4277 8480 6111 
24 2061 2006 2782 6749 5621 8176 4756 6297 2397 754 8916 2861 4698 1450 6802 5568 8233 3834 358 7241 5338 3207 4348 3569 
27 4495 6123 7638 168 4558 2825 9561 1189 2346 501 6799 7090 9363 7354 1423 4155 9204 6624 9551 5528 7776 2716 7052 6035 3522 9765 7533 
27 4882 7612 1588 1218 2686 8504 8300 4227 9496 40 9157 6713 7100 5233 6608 4739 9181 363 4946 6841 5275 6586 9857 323 1847 1190 3286 
28 7799 4200 2681 1830 1046 5437 2320 3261 7334 3750 6678 5442 2935 5529 5217 9335 4122 3670 2149 681 3350 4412 3698 792 221 5855 3719 4103 
29 9216 9985 2382 5816 241 2578 7629 7697 8366 8109 2526 9023 4316 8264 581 6219 1329 2965 5397 6599 5776 8267 9243 6534 9168 2138 805 3069 8022 
26 583 864 6765 6338 2982 8094 6407 8996 4470 9790 3269 7259 2632 9651 1053 6561 2489 5053 1483 5834 4474 7269 8398 807 8375 9329 
27 4150 1024 7557 8653 753 9889 8118 9101 2515 3782 9513 2909 5143 279 4810 467 4850 2587 8679 9892 4239 8635 2070 7977 762 1677 6342 
23 2576 3708 8035 8694 355 5564 9362 4443 5992 5032 3756 9870 8294 9522 5707 8066 1577 2725 4083 5669 2073 1003 994 
27 4842 1984 8902 3114 3398 1913 4119 2368 5901 4772 3222 3470 3982 9079 9049 7250 2484 9895 6992 5423 7074 3978 7484 4697 5342 2322 9970 
24 6198 1651 2973 2741 4544 1294 9846 4937 2086 799 9355 5444 2447 6431 4148 931 6976 7257 479 5096 5051 4540 7813 7733 
28 6706 8021 3866 6186 4587 6886 4403 6579 9553 1448 4690 7935 4388 293 5561 8317 3801 2350 3815 5331 2369 7826 6183 4968 9307 1522 1931 224 
27 5406 6457 2784 4875 3840 1222 2802 4639 6677 163 6041 6253 8460 37 1534 1551 8280 1477 5277 571 2469 9257 5460 360 3931 9614 1558 
26 6277 2296 530 1313 6526 1647 4481 461 4834 9044 7091 4168 4547 186 8583 6509 8875 426 764 3876 2815 1600 3441 7896 9461 2658 
24 9166 6607 6711 8554 2119 7386 1422 3278 3859 2722 5062 894 3413 8016 8887 7240 5363 7767 5912 3143 3681 6052 6191 4592 
27 445 5227 1955 1054 8637 6446 921 4930 6657 8028 281 777 9103 9643 7286 125 6928 2739 5741 6949 2951 9058 7563 3965 4883 9560 7115 
24 6418 6924 6756 6208 3435 8546 7453 2034 4457 2139 7192 4681 556 9510 6759 631 6259 9253 9465 3250 5065 6349 4158 1410 
26 4071 5393 2928 6942 3594 6615 9737 1700 1561 3752 1402 1050 6025 8873 2365 220 8241 5795 287 7981 7694 1617 9746 3612 2608 5334 
24 541 7108 977 853 4063 3524 9962 4907 3765 6839 1772 1236 1854 7331 8381 7800 7541 8422 6419 555 9921 7831 1304 6453 
22 4637 2123 4246 2856 1508 8882 5374 4046 1710 3211 5134 1832 6682 2887 5594 7426 7481 2182 6895 6594 5361 9326 
25 580 6752 2539 6220 3585 8071 4089 4824 4038 7288 694 7497 8359 803 3342 1049 5755 588 9008 7878 2888 5395 1084 7899 7036 
24 7475 1170 9246 3632 5291 4171 6062 23 9378 4235 4978 7626 2284 9914 3365 8474 3831 1127 526 9773 6598 5839 7568 4929 
23 5424 8489 5060 2718 6066 1259 7900 215 2042 4329 8763 1782 9039 8930 5987 3884 919 4391 9184 7395 2211 2300 7472 
25 9550 6710 330 8761 4503 1309 7271 2804 8026 9230 5520 5734 8234 1124 8439 2800 4923 6646 3464 9005 5469 7618 8043 2449 1300 
19 8342 3202 9392 3466 6157 2534 1499 8958 2256 1163 743 829 7244 8678 7478 3322 488 5637 6063 
23 9283 8435 7196 4836 4872 7171 3657 8956 8193 6596 9029 8976 3178 682 5456 3332 6320 2265 33 7343 7906 8226 3985 
28 8840 3160 1804 3921 4137 2781 5045 5913 5879 5176 8826 2882 887 7461 356 6169 4053 8643 4030 446 2705 2822 7597 1683 6093 7985 8463 5665 
25 3103 5948 8715 9757 9511 657 4786 3098 286 8945 1176 2319 4688 3052 742 9348 3000 3526 5152 5151 9279 6440 1546 6384 6016 
24 1209 3257 697 5516 8766 5091 9082 6234 2947 276 812 1672 2215 9053 8196 5111 9578 9580 8929 7991 9146 8424 2840 1343 
26 7561 271 4404 7690 39 1349 5603 3895 2179 3372 7194 806 3266 154 4210 5195 6660 6545 3407 5740 597 6275 4769 8142 3288 6644 
28 3307 3208 4833 3129 780 3906 990 7081 388 2841 3924 518 7944 6778 4746 7280 1167 1401 8600 2481 1759 6195 1698 111 6273 4040 2618 5571 
24 2418 8665 6013 52 1539 5041 1029 4487 4144 547 449 2186 1750 6666 339 3768 5236 6867 1112 1812 5047 6546 9635 3408 
21 9411 3148 4630 2573 9346 958 2244 4578 8513 9509 8399 6037 4933 3063 879 4556 8790 1141 3335 8163 9915 
28 6456 6159 7975 428 8796 1762 1631 3532 244 5451 4159 3308 8268 6423 3212 77 5320 786 3598 9122 1616 4436 4181 9771 1350 2337 3402 1150 
28 9003 9864 7372 5539 6216 2706 3373 408 9980 484 4675 4549 8247 6707 9423 9899 1890 5947 2803 5038 3800 8577 3275 2318 7183 3836 840 5173 
28 372 4984 4502 3036 415 6279 8257 1004 7339 5534 9810 8935 2231 1132 223 5326 4579 2158 7514 8777 9814 228 2391 7476 6998 7943 5376 3204 
30 2465 1227 4194 3396 6927 6638 843 3247 9950 4634 8159 8450 924 1921 5512 8048 139 8357 9386 3472 6524 3427 2855 4484 4466 7603 8090 9936 2983 8700 
24 4143 2512 8786 1208 2126 560 1620 4117 7894 3186 1308 6122 4251 4469 9471 5365 2363 8479 1490 8849 4752 5900 4091 6152 
22 1353 696 2605 4349 4411 1779 8027 7566 1037 174 9488 3788 4333 9413 7845 6383 3268 5521 4901 4393 1562 8113 
25 3607 2738 2230 9382 8146 9681 832 2482 1494 9284 5708 7366 2977 8437 9862 2528 7233 5328 7452 5814 8321 5485 5923 3279 8618 
25 5769 6404 9627 8991 5240 5719 9537 7191 711 1117 7392 5664 9418 2190 855 7760 9245 4271 1122 4010 5432 7163 5443 1939 1088 
26 61 2357 9543 164 2470 8937 6491 9133 5914 9694 2796 239 6396 3709 5522 1358 8757 603 7850 6408 7669 6717 6212 6434 910 1378 
27 7957 4546 2649 6029 4101 4749 9527 9952 3685 6203 9994 4843 1342 8061 684 5164 7400 344 9367 3456 9599 5251 2734 6019 9097 1210 5859 
25 4078 2166 5663 7884 595 6907 7275 2863 7305 561 473 1761 4535 5168 5614 5270 9119 5774 1174 5056 9067 7184 9189 1701 7252 
29 6724 5615 5369 9705 8285 8831 5853 5724 9912 6238 6047 9428 4459 2431 4262 3777 94 4238 1243 2953 8124 7308 5467 8238 4996 6991 6959 6603 2664 
28 9207 1438 8277 3083 8856 7246 1496 4384 138 4433 3163 6920 9534 7217 738 6289 7917 1975 4727 3822 2929 5609 5673 8867 4445 2683 5280 5471 
28 268 9503 6206 7580 1729 986 5837 1250 374 6659 636 5247 5172 5958 732 2269 185 2549 2177 6668 834 1158 3626 6470 7409 5592 8414 3883 
25 5970 9046 3572 3462 6742 1272 5428 8876 8827 7207 1376 3292 8549 2348 9422 3360 7304 9261 5145 6899 9147 296 9196 4811 9117 
28 9187 3409 5189 1986 9037 2105 2360 2924 2107 1979 384 5061 4218 801 6382 8651 8927 604 9839 8005 9719 6005 4179 9484 9797 7057 295 5953 
29 6412 3104 6413 7085 6026 9273 1331 8542 5317 7967 4916 8492 5587 1720 1743 7619 1262 7486 505 5643 5703 2058 9098 4444 9340 7035 7069 7391 2049 
26 1888 7116 7927 7236 7698 7840 2076 5193 1429 9859 6751 7659 3221 7189 6758 4748 3582 1894 6233 8702 8208 5871 3533 8216 9387 4476 
26 5497 1512 8588 7874 895 8236 1613 5031 2525 4775 6838 2438 6970 1870 2189 28 841 8584 3491 9519 3100 4908 690 4904 7459 1722 
26 713 8262 5006 6550 4704 8523 1246 4667 2089 338 3828 970 1277 3395 8498 4684 2050 9352 4023 8769 3922 966 7722 9024 7410 5370 
28 19 7709 2742 8835 5888 6425 2653 3759 9963 9077 1364 9687 8136 3487 5417 1057 9231 1025 4004 3996 5873 4284 5560 1419 9668 7112 7751 8319 
23 2507 2641 6410 4980 3193 1143 2174 7407 2596 5122 2204 4265 1253 3628 5747 5132 2022 167 5886 9642 8726 5857 3259 
25 3667 8787 5500 498 2537 9819 6805 5070 7122 4009 3359 9447 4597 2996 3336 6572 2493 8358 7030 2709 1467 8838 8718 181 5174 
29 88 6767 245 3991 172 1693 9202 5952 3622 4496 1255 7763 5389 5929 7510 3844 8936 2199 2380 7625 7199 468 5822 8235 7611 1488 3500 6439 9380 
30 4090 8073 9890 1550 7668 708 5400 1282 2910 4892 6451 6810 1468 4747 7735 414 1375 5165 521 6371 5378 1076 9426 8095 5209 4795 5659 3781 7460 5821 
29 6649 1593 2422 1777 6523 3338 1436 2453 1412 865 8237 3494 8544 8166 2762 1920 2294 7578 1957 8466 5010 8619 1374 6673 6700 1658 4779 9811 9569 
24 7109 3490 8772 9872 5043 8560 2315 4561 7075 2960 9774 7106 3525 6590 3823 5118 5315 4603 2865 2806 9909 7537 6271 5891 
1 7186 
