29 8097 6227 8983 8934 3 4976 7408 9407 5167 380 6084 9368 4284 6063 6228 1382 3605 7836 9534 5335 1432 160 349 3800 9347 9580 7399 277 2107 
30 7914 1377 2795 5881 8751 8046 5126 9504 745 6744 6162 4785 6171 9332 2188 3303 1418 522 9707 1887 8396 326 2871 7420 217 6799 2250 6503 7553 4418 
28 4398 3511 5917 8130 7430 610 8645 7111 5355 8988 3402 1402 4180 1774 30 7558 1161 1450 1729 9357 3613 2437 3559 5337 1281 6577 6755 6952 
27 4523 2146 9288 446 7481 5520 768 8679 3500 5121 3603 1960 2354 5135 7924 8133 5415 7582 7716 9373 757 4296 3998 7164 5471 6028 6564 
27 1808 3503 8778 9772 9391 9599 2917 5369 5012 2286 1564 4428 6298 2114 6380 9295 5773 2259 3414 4206 3864 4449 6602 3214 7923 145 1665 
28 4967 523 7475 1278 1644 4084 1994 9975 8506 1317 7135 7811 8755 8332 5800 7075 7053 7912 4812 1806 5745 5902 735 1337 8555 172 5849 503 
29 2805 929 23 8026 3932 5574 2339 7572 9864 8460 7415 8617 7554 387 5909 6175 1606 6124 9929 1273 7085 9574 296 5091 7730 8712 7677 9971 7947 
30 207 3551 4766 128 40 5148 5499 2136 9338 8325 2373 223 1188 8550 7622 3971 4054 3376 5980 2827 176 7827 3521 9433 7666 2104 7154 1705 953 2661 
25 5254 8730 9692 502 6748 7980 2298 8478 8588 9376 3506 2610 5417 4748 7615 5081 5252 7103 2696 7113 6917 2896 1580 6447 2634 
28 7937 6154 9940 9408 443 91 4251 3182 7755 8638 1435 644 8558 9769 6006 5978 904 4118 7684 7241 1940 7469 9972 7287 737 5805 5844 511 
30 1109 9443 9366 6093 3201 5109 1239 7086 3486 4387 7927 5757 5523 9548 8552 2033 8254 7200 2290 2420 6528 279 5141 8635 2374 1479 9582 7261 7801 6625 
32 3060 7704 2933 4802 7603 1659 5901 9238 3297 8005 550 1852 6185 7863 6585 6137 7809 998 7378 1403 6336 9611 7780 2787 6536 543 8393 7289 3993 4683 6542 1993 
27 42 3693 3476 2395 3346 5228 2409 6547 4889 5603 8721 6908 2165 9091 6438 56 6288 3248 1561 7274 1646 6355 4510 4008 6654 5928 6810 
29 666 5535 3471 1051 6910 5307 4969 4117 4885 3774 2943 8808 3553 5869 9763 9177 8329 6492 7438 6958 3142 727 9210 5305 1716 9759 378 1672 2155 
26 9670 5325 3833 6046 2350 60 4933 8933 4315 5434 6233 6606 3507 4074 9024 5924 9830 6760 4770 1332 5715 3655 4798 9586 6271 5204 
27 9435 8607 8415 6635 5461 3331 873 3917 9172 6572 7610 7525 8435 3543 7346 9196 5652 461 8054 3792 7904 8772 9713 6360 561 5897 6730 
30 175 3265 1339 8118 1124 1758 1794 9565 8322 5142 9835 7466 4728 3456 858 9501 9334 1458 6350 8139 3046 4894 6923 9536 9291 105 8241 8682 6320 7341 
31 9371 4259 4169 2940 9219 7728 8320 9936 5105 9425 8042 7727 3975 9249 198 2348 8942 7499 1013 3885 6020 6372 3966 6642 8427 7306 9953 1333 8792 1559 5551 
28 2223 9445 9441 61 7244 7986 5542 1854 383 323 2735 7830 9185 7557 2251 1886 4648 2726 5099 7211 4849 1669 4681 2248 7477 3816 5050 3530 
28 4616 6687 7969 7020 3150 8954 8609 6747 3780 4388 3637 9704 1929 7588 568 7778 2113 2344 463 458 2317 2612 9637 6356 9934 4643 8715 4821 
29 5500 7918 4660 4824 2358 4278 8920 9531 3865 7536 7076 5395 6429 2817 6321 4230 4656 2174 8580 5421 797 9514 8955 2709 1939 2501 24 9358 6017 
25 4764 6770 3746 7485 220 8001 3341 168 3078 686 6941 5716 4157 4146 2047 6678 8419 7095 8923 5709 6478 6929 3734 3101 2623 
26 654 3878 665 2186 2664 7870 9745 6675 3545 2178 709 5063 3941 6462 903 5003 6967 3445 6194 1155 9652 4038 2938 4412 9774 4254 
29 7256 4830 5097 5889 8297 5895 2036 2673 2158 4031 3797 1044 6010 7130 2549 5627 4596 8119 8495 370 9516 8785 4484 2285 8535 9947 103 8317 9873 
31 8450 1364 9227 291 5313 4053 7201 3001 9240 7703 4665 1889 5018 7560 6719 9935 388 8667 3432 1903 8767 5271 7818 9318 7714 3859 3717 2572 5667 7270 7315 
29 2993 4303 5532 968 8765 9825 513 4015 6218 7765 8214 3606 2495 7532 4855 9312 101 3408 4187 549 1324 7303 3578 4999 3729 859 3710 5774 9015 
30 835 2607 1067 4217 4966 3851 8746 7375 435 5969 8700 2654 392 5647 8296 9833 3974 9845 3063 9283 7514 5340 6270 3624 8633 6141 1393 9099 4058 2134 
29 5454 9925 2152 5938 8733 9790 393 3439 1411 2064 6847 8260 8769 7701 4128 802 6334 2333 5038 1480 28 9938 2669 4409 7360 6251 8516 2895 9770 
32 3660 8669 554 7331 9263 9329 1592 4545 7142 7483 5879 8894 123 8639 5132 5191 4488 9400 1272 5040 3088 7832 508 6458 2159 5735 2392 7647 641 8986 5717 6279 
28 993 5801 7042 780 6348 4183 4395 9289 5090 8224 4591 9655 4986 4813 8630 2060 6545 3512 5389 1252 6131 2934 4468 2926 7192 4518 2099 202 
28 9890 5233 8568 9747 4803 1398 208 8865 9350 9808 6160 6697 4720 5219 628 1461 2034 2181 4653 7226 5626 3133 8789 6260 7991 3168 3279 5991 
24 45 2452 8432 1275 3391 238 8831 1784 5861 6412 9871 7118 9002 6451 4800 8866 4499 668 4563 9661 2115 5231 5970 8470 
27 9058 3827 256 5566 4200 3225 2918 1258 1193 9883 4153 9116 3629 5346 8283 6617 1652 7403 3843 7892 8323 8515 7166 7951 3664 3918 8479 
31 6096 1539 5008 2890 2263 5999 8681 606 1440 6550 1132 1671 1861 1935 1761 3942 8475 6282 9507 52 8171 7943 3282 4606 2356 4209 9903 218 5747 2925 9982 
29 3216 8654 5965 9128 4165 1264 4530 4597 499 2846 1259 3908 5420 3635 6508 4918 7493 733 5741 1624 4725 7530 1031 7376 6408 415 8731 1473 4364 
29 1999 5524 5973 3914 4896 7177 8006 1245 2450 2832 5133 2835 7824 4952 2780 1046 214 2108 7834 9998 2580 4245 9259 1633 79 9904 5507 870 5227 
30 7782 1833 5613 3579 2003 9150 4355 6309 2318 2960 8603 1269 8122 8562 1701 4417 5230 917 1117 5628 8304 5338 6700 3593 372 2638 9025 6506 1327 849 
29 1785 8590 6699 3953 3696 3847 3520 8036 6436 5843 9529 5791 8824 2017 8963 8279 5646 3799 884 6792 6827 3768 1072 614 2405 3930 3668 7631 9192 
29 962 3832 596 7183 8829 3844 7790 2569 8012 5223 4454 6256 2924 584 2685 7792 8650 9595 5479 7181 7495 4876 1019 6541 9572 2571 2041 655 9860 
27 3153 8710 1442 1855 2701 7513 117 2001 5238 1168 7059 4147 4862 5373 3677 1047 2484 5468 4711 1478 9623 640 6833 9398 1184 8290 7049 
27 1466 558 9538 7380 5263 6995 1095 4673 3195 1007 7328 2389 6878 782 2970 669 4106 6120 5616 3793 1859 1443 4993 517 3979 2273 2561 
25 5046 7222 1037 2860 5229 7349 2489 290 2243 3392 6813 3321 5379 9252 1673 5399 8208 154 4308 6771 5085 5294 547 1295 7996 
29 7849 2847 1807 477 1600 4096 7605 1882 5168 1219 8628 4028 9072 1642 1135 8990 6146 4541 4842 9676 6064 7170 9639 4265 2294 2046 2311 951 6843 
28 152 1035 2482 6374 3139 8575 4093 2429 9622 5176 2646 6252 9651 9694 831 7310 8519 8626 9965 8806 8354 29 3947 699 2626 2514 5375 6546 
28 8057 7132 7639 3051 3763 4476 4286 2394 4478 5862 4542 2011 92 9381 95 2753 4934 9553 3539 4285 2455 7658 6769 7094 9991 3159 4712 9799 
25 7418 9791 9251 3620 3318 7526 9362 1883 1082 4204 9839 8855 7005 3657 4340 9262 9709 4879 6019 4242 661 6222 1263 617 4956 
30 6261 1824 3361 6888 6623 5226 5144 4495 8564 3558 2707 7291 9500 6434 2148 5782 3585 4120 5594 4164 440 5572 7057 2875 2856 1978 181 6074 2879 9941 
30 3016 3123 8870 5237 1148 4400 8108 6221 9619 7629 5856 5530 8862 1799 6728 664 7196 6079 5841 1591 4972 8030 8716 826 8606 7683 8981 1255 6038 2530 
27 2414 3198 9868 4068 9073 4227 7691 4048 9994 8476 9983 9434 8842 5752 7307 6432 5331 8016 2650 3658 3977 7734 1812 5787 1615 2031 1990 
31 2921 4671 9447 6857 5669 1220 2912 2782 319 8517 8040 4997 1516 9728 564 9490 8109 361 2312 6466 646 2490 7786 6608 7445 5873 7717 7106 4600 3758 2016 
25 4611 1573 4170 7060 9899 7185 1521 2232 9231 9420 5592 6378 8883 318 407 6326 9779 864 8704 8676 7659 7342 4820 6498 8753 
26 3766 5595 4481 7798 4386 167 9315 4116 7105 7257 1292 8989 5820 8908 9021 6689 8367 2898 5929 3626 1527 5660 9894 4592 3826 6088 
28 7590 3562 4390 5545 8624 4156 2439 7915 2477 3508 5963 2878 1972 5839 7238 3409 9717 6249 8525 6165 3538 1912 2427 251 6932 3062 5877 2804 
26 4115 534 8890 434 7865 8442 134 3299 7374 4178 5404 8604 8371 4288 3963 6998 9981 5655 7070 9926 4342 4907 1937 8409 8240 4014 
29 9822 6330 328 4067 3811 6351 289 7488 6686 9149 6715 8677 3631 710 8509 3723 9617 3869 2200 1471 7083 7565 5814 7562 8576 6943 20 287 4625 
28 719 9814 9246 5324 3921 4560 9489 456 4692 530 9737 4533 9370 3819 8140 2015 4492 2070 1619 7366 2102 186 5286 3450 4337 5734 6842 6061 
27 5482 3482 9755 2752 6912 1322 5742 1679 8055 9482 249 7276 2741 7888 6104 1780 7093 7762 9009 5888 8388 8985 7972 5725 574 1638 7540 
29 3875 8404 1113 2736 6620 6822 6727 4566 6750 6711 8089 4375 9389 895 6629 4700 1224 4609 4399 8230 1008 7269 8229 4810 5657 5391 621 2902 7774 
29 3117 5557 9202 1560 837 5478 7296 6186 5975 5514 8499 4873 8035 8886 8780 5746 5484 5640 1823 8524 6109 8853 8818 6688 4381 5918 9094 7474 5562 
28 5455 7574 9104 5115 6102 8549 1681 7719 6859 2435 219 546 3020 1870 4160 5718 2714 5825 8921 3690 9512 3935 2764 7169 351 1181 2291 2007 
28 2851 9282 552 598 2343 9115 6452 2295 6036 2334 3777 5189 5279 7370 6892 2845 1819 4555 481 3089 748 1018 7595 1396 8484 4590 9607 6301 
32 9189 4066 7096 2365 9632 6444 4677 33 2574 2674 6328 4095 4882 6814 2790 5048 9326 1894 7795 2945 9426 7628 9085 4225 1208 3676 857 6077 6828 3653 4502 3285 
27 6812 6600 1756 7845 5 5580 7660 1427 5322 54 1524 8390 7112 838 3672 3418 7881 9144 3976 5094 155 5765 5380 7121 5161 7593 98 
29 493 4878 3681 9304 6677 571 7668 3573 8641 87 3925 3825 4295 7308 5761 3477 758 9659 8571 7506 4508 4427 3498 2197 4407 5711 7738 8959 7178 
30 2600 7539 9042 4123 3186 703 956 3711 3784 5028 413 8294 3584 6176 8915 1416 6653 5419 7357 4016 7821 1251 3469 4319 9253 581 6169 9071 3006 2436 
28 5552 5370 3972 6030 1049 2841 2096 1012 943 3565 8284 4599 9010 3894 713 958 1537 1291 9944 1394 8881 4000 5234 5101 9112 321 2532 5681 
31 9475 7229 3104 8835 6819 2304 9966 1985 555 8488 7916 1307 1792 8215 5282 6544 3271 2315 7210 4404 4826 6777 5641 142 9176 4733 1800 7746 6012 2969 9343 
33 3183 9589 8740 5675 69 2085 4018 4393 4975 3556 5556 8528 135 2986 4402 7043 3096 5565 7737 3319 3162 6140 8612 6095 2529 7224 4979 9878 516 9383 6955 6055 3143 
29 3363 8090 6245 8481 5128 8540 2906 1604 9955 3420 1767 5343 9921 6976 3011 4633 4277 5643 4438 2521 4686 944 6636 2991 9524 5882 3345 1235 1596 
27 7080 2241 6168 6313 5783 1151 1485 7580 4990 4019 4547 6291 557 2077 1511 8196 4924 6934 708 3165 5575 5946 2269 4913 1105 2143 8314 
27 6229 2442 3867 8936 6292 2167 8553 9675 619 8391 7352 7596 259 680 4883 7898 3928 6443 3217 1663 2588 3237 1227 2329 7371 2670 7887 
28 8232 6729 7329 4442 9874 9147 7028 3427 2919 2230 569 1244 5027 2475 2466 3820 1625 9532 8664 7250 1005 3510 8708 2093 2308 2306 6942 3188 
30 9488 1753 9591 2012 8530 5714 6676 1541 980 2722 6263 9760 1880 1489 1147 1294 48 1052 9209 302 7433 5179 5469 1979 2443 5342 5536 9869 3024 3021 
25 1959 4049 7448 4099 9816 7406 4486 7441 9853 8877 1493 428 7290 1439 2593 5957 5431 8570 1902 8739 6086 4961 5491 7362 697 
27 2854 1130 9470 2239 4005 5867 2679 6740 6069 6856 7091 4689 5854 337 8490 1173 4738 3718 7874 7749 9374 6076 3909 4380 7731 7294 9768 
30 9581 4701 6765 3702 3275 8532 4004 8466 4519 4869 3121 5600 4218 9796 8867 5174 9266 2596 3475 6023 6834 5544 7452 8962 1254 1316 240 5618 3472 3642 
26 2652 7179 8977 8471 7022 4394 0 5278 7336 5083 2184 7663 2010 4477 492 7994 478 2272 1101 5961 3542 4416 3208 6573 3106 1864 
27 8551 6980 271 8327 8584 1996 2289 8477 8253 1933 8938 2235 9367 639 2283 9011 2695 4645 2988 3967 5414 9399 7101 8770 796 4345 6632 
29 9141 9992 7698 1100 9384 1631 8500 7880 7078 1872 5304 8611 1261 6483 2671 3641 1848 1781 2128 2271 591 2486 4755 1529 809 2211 5285 1697 7907 
28 5831 4392 6610 2330 3278 4152 6985 7117 3934 2892 3364 4316 9303 430 1830 112 538 3371 5087 2773 8922 821 7713 9023 4352 5789 7908 6576 
27 8849 8085 3247 8850 9699 3264 421 738 1804 794 5704 3262 5811 9628 5691 7682 7184 9525 8300 2127 1475 4569 6659 3111 1629 283 7775 
30 9413 314 2332 1036 8193 8418 8022 8249 4396 5366 4544 8666 3568 7146 7725 7212 5422 5927 8303 7797 6158 8531 9603 3081 2927 8660 806 8272 3468 6164 
28 6933 3179 8657 276 1325 2815 7679 5435 2027 1692 2928 4835 225 8338 5786 2798 842 9726 438 8856 423 7480 894 3938 8416 7841 5044 4659 
29 8407 3119 8134 3682 1614 171 4069 8897 8581 789 6523 4497 8145 9906 2056 643 8031 2224 3004 2029 6087 6894 469 1974 3842 8018 6303 7938 8670 
29 102 7984 9075 3064 7890 6563 6868 4030 1414 9184 7675 3234 7847 5578 2276 3449 2632 169 1918 4143 6589 7198 7293 5558 4705 4927 2448 8225 5473 
31 7653 2090 7343 6928 2876 8613 2137 908 147 4231 8718 4385 5502 8652 7928 3982 8334 2171 1636 1828 6725 535 2733 6592 6241 8112 3940 6762 371 3868 5269 
26 746 8383 2583 3333 663 1042 3090 420 7330 4040 4290 76 7247 3828 4421 5485 5816 1087 3296 725 8632 1790 8994 9778 9152 6135 
27 1111 3505 188 6284 8910 7637 5138 74 5510 1694 2325 5162 2534 9344 9681 2043 6403 500 992 2932 4013 942 9170 4224 6988 8784 7272 
32 9888 280 3575 1590 350 5182 7180 784 7464 6295 9781 7815 8832 5830 4985 909 1905 6698 9427 248 1006 4668 765 9948 5665 8779 9805 3652 2400 7697 3048 3531 
30 5919 724 2191 563 3781 5086 7992 682 1174 2403 5900 4124 8222 4132 1744 5727 2462 5098 9156 1733 8930 4772 6089 7486 3588 8559 575 6161 9827 4964 
29 3815 2864 6475 7084 2201 6027 4358 9848 1194 8655 2320 7355 2390 1494 2939 6147 3389 775 6396 3253 2639 8735 2579 6289 5996 9912 3328 9650 7502 
29 9351 8961 9568 5483 3405 4942 9986 5760 8541 7455 199 1709 5198 3132 1457 2951 6884 7218 7141 1884 1814 9205 2302 9074 2962 2834 556 4897 537 
26 8725 8896 8717 3177 7383 6379 1342 7046 5192 1919 3730 2082 8348 6134 6353 9671 6307 1065 8863 146 9198 9201 6784 8374 8167 9154 
31 8595 7337 656 3410 82 9549 3019 3647 6331 3313 6862 5281 5974 7712 2800 7656 1840 6302 6476 8537 9239 1438 1041 9859 8742 7524 2866 196 3072 5178 3517 
27 9861 9695 1140 2971 3845 7721 8239 9415 8398 4363 3228 8191 9466 8015 3801 3662 2309 8233 1850 6373 6108 9905 3614 5032 9731 966 6173 
30 327 2156 2381 7402 2715 2479 2359 690 5315 5911 7816 6456 7340 781 2759 6100 1876 8614 8420 7783 1296 5143 9061 2597 8520 253 7789 9767 5042 6091 
29 4078 9243 5492 6459 5416 3680 4282 2950 4452 6329 1680 1329 7056 6272 8814 5114 8242 2341 226 7023 8822 364 2865 1546 7868 5936 3226 6883 1268 
28 7318 7047 457 3598 6283 6073 9961 572 7561 8377 9854 5547 3407 4136 8616 58 264 7221 5631 1180 1078 9379 2953 3014 8236 1551 6480 9478 
32 4182 1956 8431 8875 3951 3757 8281 3203 685 9220 1248 6820 9855 2019 1103 9876 2256 6724 2492 4359 9985 8397 6349 7954 7665 459 7074 2718 9535 7921 2215 5666 
28 4052 910 8566 653 1236 4703 6470 5700 5403 2122 8801 1962 3812 1353 3495 3814 7129 2473 1043 1335 7657 6926 4366 2257 3779 4197 836 4767 
30 9997 8546 8166 273 4144 7715 6244 6312 3813 3379 6586 5291 5894 3778 5093 7271 4610 7808 9487 3600 2880 5328 1153 5776 4450 638 4890 4353 3071 4915 
27 8172 9248 5564 2965 4739 8176 7872 3654 400 3546 3194 1214 9068 8124 4109 5590 2929 9730 6193 2688 6733 9449 5445 6339 8100 8941 9604 
32 7148 4796 4797 5134 1558 9974 9121 2908 1368 5496 4520 9815 3286 7007 143 8787 7700 4970 1640 9345 1116 6219 3097 7204 3070 1374 1834 4580 2119 3901 4419 3399 
30 2863 528 7230 952 6753 5446 2331 5183 9634 5793 300 5106 5118 6388 8925 2204 210 4332 9066 7676 3263 6870 5858 9132 712 5017 486 6041 2059 5392 
29 8141 9155 5941 1818 1024 6242 2279 3528 1735 4003 3156 4684 5983 8861 2973 1706 6362 1050 8269 7504 1755 8408 2336 2072 121 677 5280 1791 5638 
26 2182 8678 4807 1822 4249 2221 9406 5439 1096 2078 2426 3686 9299 3458 8226 1950 8804 672 945 5872 3045 9476 4872 9866 6561 9307 
30 1179 957 612 6879 5553 9612 8234 8991 4221 3037 2281 1242 9970 4243 6460 5817 382 6594 8276 3891 6555 6259 5753 8998 1731 8736 4840 3074 2957 9556 
26 4114 1125 5914 7699 2218 6519 190 8458 5382 8878 5200 805 1413 4240 5806 5463 6285 8181 7266 1699 8836 8802 4228 2716 6663 4789 
30 3709 5041 68 1499 627 5671 8791 1725 8182 9178 5314 1069 6018 2903 3220 1535 3213 1906 762 905 6505 9125 136 2347 1455 5225 3493 6159 6142 8898 
33 5679 4949 3496 5756 5903 2042 5680 605 7800 4134 7316 4055 5407 594 7275 2852 8255 57 7159 263 324 6775 6691 2816 6477 1570 5521 7807 1798 7900 4923 7747 4690 
27 9832 9688 7309 544 3295 1715 2057 9456 5512 2525 9317 886 6354 2092 1914 1070 6607 3359 7350 8 5892 8456 7601 8376 1071 2380 2528 
29 1577 726 1410 9806 4192 6710 5022 3871 8914 4500 5068 9089 7423 8248 2675 4943 8982 3231 4618 9693 8173 2421 8510 9221 4984 2385 8402 3870 900 
30 9858 7297 7611 6871 3764 9761 3722 9485 3040 841 6872 648 865 799 7919 2300 2708 4244 8973 46 4626 1982 2160 6103 7119 7970 3931 4268 6806 7414 
28 9988 3025 1712 3462 8273 2873 6566 2531 150 2947 1688 3863 8335 9458 8675 8762 6521 2245 7570 3852 8312 3924 5319 8179 6201 3457 6157 6413 
27 3592 3765 5031 9559 9258 4858 4672 4044 7304 6574 5699 2887 6024 7623 8926 7803 9596 1973 9162 7333 3965 6662 2729 5110 5907 1655 7885 
27 3353 5645 8183 4507 9095 6816 9310 4025 9274 363 2097 2153 510 9672 6624 3599 6400 5750 8340 5339 9063 1277 5702 5569 3985 1991 8096 
28 4119 9960 5528 5077 1890 6966 5784 6393 4562 5597 715 7645 1091 1621 6846 1977 1789 5617 847 4253 5145 1497 9348 5819 4682 3404 2956 9527 
25 8544 8366 5751 2252 9719 9223 9571 689 59 6849 8538 2589 3983 8996 583 7961 3751 4203 3689 1718 856 7090 4827 8062 7577 
27 5371 5388 7173 2399 1675 4629 9773 3741 3465 1602 9035 67 3136 2893 5270 4207 7236 241 8997 3915 827 1782 3066 2393 7050 8744 5320 
28 2586 5241 8781 2526 2212 1740 9272 6652 431 2100 9821 8939 5330 6338 4378 4614 8321 7964 7685 5165 7736 8157 5381 1951 4479 4257 2594 6906 
27 445 8440 3903 4006 4716 899 6446 1477 5064 5488 600 7363 9823 6850 9567 3473 1684 7632 3365 9519 5649 7644 509 9463 3580 1177 694 
30 2849 1425 7871 2 8074 5082 7361 6562 8441 2937 7450 1988 2913 3849 2645 7587 5409 1927 1376 2131 2112 6401 4816 7967 1583 4271 2627 3349 8631 2611 
31 8995 6956 2496 1531 5472 5258 1260 9540 2744 9393 9093 1419 9917 3314 6368 7509 7831 6565 2419 4202 4837 829 1984 118 9840 4908 6832 9030 7246 5284 6207 
32 4804 4980 8545 3169 6250 9752 158 8754 3326 8000 5293 4958 2651 4401 3434 9497 5080 1892 1664 9140 955 5385 4595 4781 6913 1129 9342 344 6305 5736 3403 7207 
28 8424 9887 8143 2755 5658 6123 675 7489 6236 8238 3989 8943 3839 8426 3684 7626 6905 2045 246 7547 6144 1447 4884 3355 4998 2493 6390 4331 
27 7759 688 9951 4909 5005 792 466 2613 2989 1226 6287 115 9135 8796 4027 8757 2700 9195 2458 8600 9086 3627 9819 4360 882 9697 7936 
28 7678 5967 3302 8324 9123 6922 5201 1888 2797 2132 4856 9110 7432 5332 2730 3137 254 9560 7500 840 4786 9341 8411 4012 3946 3120 3829 8385 
28 9543 5262 5476 5387 3268 9702 721 5797 7598 3018 7472 4435 8844 2984 9232 4125 1845 3255 329 4220 7145 3447 1728 7544 340 4135 9782 6588 
28 389 1768 7496 2472 215 1441 8968 3480 356 4064 84 4215 3199 475 7126 633 1645 8827 4911 7325 4022 317 464 6761 4384 8771 6732 6422 
30 1788 5326 8971 8547 8445 4309 5218 9583 9733 1118 1837 6183 3834 4511 4011 920 7909 5755 7848 7578 9083 4939 5518 1183 6248 818 8893 9687 6974 6148 
29 9392 1831 4236 4214 4910 4314 8913 6369 9660 4864 5397 8976 3721 2944 5356 4955 7248 7143 1084 1528 3053 2340 6569 2533 8750 8743 4526 2809 7796 
26 2038 1641 1424 6258 9817 5436 9439 5639 8262 4647 3035 3147 3981 5732 6365 6807 211 8379 9432 3933 7895 6499 5559 5948 3872 7652 
31 4759 1143 2557 2756 8063 1913 2920 3079 3745 8486 2061 9375 1526 4002 3127 4448 8362 494 4482 6759 7479 1284 5762 783 88 8533 7386 5372 2901 1778 1635 
28 9053 6785 6992 3855 2430 5224 2774 5769 974 1723 5000 9250 9256 2615 9609 3978 1169 7189 3276 3337 1200 7594 8202 8622 9633 6881 8132 124 
28 6599 8561 5147 5209 5740 9079 3992 232 1198 9437 4446 257 1395 71 7702 7018 193 9276 5150 5778 5866 4485 808 5261 1601 2829 764 2388 
30 8854 7205 34 7279 229 515 6128 6978 8289 2802 1630 741 7989 4045 8142 2185 5295 2899 2402 1649 1510 2240 6420 3424 2261 9422 120 4962 1773 1289 
27 3922 1038 8227 3518 8439 8697 9963 8365 743 7190 7036 2382 9043 1401 5299 4525 1 8116 7732 9746 4675 9108 25 235 7804 6217 5707 
30 1764 4794 1285 429 9224 6177 9165 1487 2748 2762 4444 1032 9029 2705 4713 1063 9852 1240 772 3485 8380 1617 3572 9124 480 4698 7174 3381 2587 3107 
28 3249 8207 6234 779 2144 473 7392 7671 4334 6997 5137 5840 539 2237 9098 5199 303 5636 3342 7051 8508 520 6281 6 7457 7788 1875 2480 
28 526 2766 4458 6983 7323 979 5323 2470 3683 4888 9087 3284 7620 4368 7893 6861 2432 8041 8198 3017 8091 1628 3838 2812 6533 3601 9438 3444 
27 4904 3991 9787 4926 6556 3949 141 8316 5749 3055 7404 189 3609 9214 7823 5060 7963 4333 4744 3221 5341 4721 4061 9865 2907 9444 233 
30 6340 4433 2813 1745 3412 7239 939 3904 5253 2558 5584 6927 4212 8066 3889 5067 9292 5248 2087 4301 7599 8467 3374 8647 4584 8244 1446 3719 1522 6865 
28 2758 6319 7011 7161 9937 1689 4809 2194 8123 9771 9979 237 6399 8378 2006 999 5810 3031 4372 7 9298 3990 4267 5120 4571 4841 7772 2668 
28 8598 5673 3775 7982 4607 3671 4137 3158 4929 7761 4818 6581 6948 8489 7167 8759 9297 1578 5697 9105 1356 4729 2079 7125 6052 6435 6133 2497 
31 6190 8121 89 6925 357 3716 5079 80 6300 9153 1545 391 1092 1319 5913 7157 7948 1142 2372 2740 2299 2173 6863 9566 4073 8243 9034 3157 7478 7965 7718 
30 3387 1896 182 3643 6150 6278 7412 250 2322 1120 373 1309 9057 916 7344 3944 3525 4059 4070 5853 5078 3115 6116 695 3943 8695 2105 7817 2620 2406 
26 2734 7794 5069 5206 487 7543 15 8257 2794 2542 5964 3416 1952 5450 5477 4819 5131 6734 7507 6886 5437 4150 9962 7214 6898 9212 
30 4077 766 6890 2205 2570 1197 7607 8111 3272 1121 3166 7305 5309 6367 125 6741 3400 8461 7365 8702 2602 7640 8656 5663 8075 4746 2510 8228 788 977 
30 6891 9157 7695 4870 9019 7742 7436 4795 9943 9725 3429 8728 5311 1908 3310 4603 3152 3576 414 8480 8496 488 506 8104 2978 5515 7968 5845 4685 4087 
30 3187 6557 1365 3618 1053 8615 4175 1131 1593 4589 3167 7484 38 301 1742 7388 9996 274 8688 9624 3790 6381 4102 4968 8940 566 1270 6404 3555 5255 
31 5835 1247 3027 4957 1016 5525 1674 9533 4588 1971 5055 868 5998 4092 3368 9359 9668 6611 6649 8271 9807 7067 7137 1514 9193 8685 7517 9423 8768 1367 4188 
30 4753 3384 7031 7335 7026 2049 8526 7878 1149 4736 790 7531 7589 9736 7681 8972 536 5498 9509 179 495 7454 9167 978 1881 3083 3218 696 7655 1199 
30 7324 9498 4327 4529 4784 6262 813 9467 1127 9270 5023 70 8347 116 4294 1553 9729 5076 2692 4261 8199 7160 5620 1107 3154 1957 2567 5650 8037 6179 
30 4891 8579 3899 5997 2168 5949 4104 9892 5159 4931 991 7068 5770 609 3003 700 8370 9551 5444 9226 1077 2575 4036 5599 4222 6921 8218 2075 1315 4576 
26 6197 5955 5886 2469 1575 970 9898 2689 4432 2760 2763 5768 6129 9261 2982 7155 4706 9758 776 9275 1827 7897 6366 9164 3958 4747 
29 3190 3181 281 8438 2253 5448 7176 6990 8076 7390 1233 3454 9228 7150 8807 2193 1469 3419 9896 524 6803 1381 6254 823 6325 8830 1027 8819 4977 
32 6507 2698 7511 8513 2963 676 6322 9242 8727 22 9308 3144 3743 5501 6648 8512 5075 8610 4756 4103 9518 8795 9843 6243 5576 9508 5158 2618 6660 2189 4586 3334 
32 5832 8504 4751 2228 4186 2101 7944 901 3887 5659 532 2643 3356 6951 3390 1667 1719 5982 6306 2653 8186 483 9386 6297 1605 6080 8174 2537 2959 1345 5851 5738 
28 9049 9742 8386 5653 5247 460 5585 7327 3997 1603 4521 734 2547 2548 2842 4098 4177 2889 4094 6839 9656 4024 3224 3527 7280 7029 5054 6596 
28 2635 7609 6200 9459 9592 4697 5125 4190 7876 7766 3131 2314 1968 5695 6953 7635 2598 4007 770 9496 9881 8823 127 5092 7997 8683 531 4901 
28 3039 8698 8125 5213 4480 8884 590 9055 8798 8687 1089 3280 3273 7072 6749 7171 6376 1156 3728 260 151 4848 5232 8247 1361 4680 2781 7460 
29 1134 377 417 6936 1267 7144 9590 1009 1549 7955 5429 4032 8337 5411 4551 9264 3927 7829 3880 7168 6071 346 11 2884 3649 8501 1136 6656 6121 
30 8858 3209 1468 3501 6092 3126 3610 9229 1253 9260 7062 4504 6882 5874 9008 7044 86 1057 7591 3737 5676 7686 1953 50 1900 8777 6637 9388 9555 4875 
29 1769 9284 8406 3339 6445 6876 704 662 8649 4641 1349 3670 2826 4612 231 5971 3043 5651 9901 1230 6896 658 3861 6909 4042 3760 7852 869 5690 
30 1587 625 1387 1205 4436 2013 7087 8834 800 1370 2799 7875 1206 239 6735 8601 6048 2411 1246 9429 104 9775 4121 1686 3015 9320 2848 9403 4111 1627 
29 1141 1660 3452 1860 2141 9139 7381 1160 4642 848 2511 8602 5442 3134 1029 6904 8401 7206 9587 6736 5203 8014 9977 4850 5459 4762 7764 3422 9138 
30 4466 5130 8625 7516 5310 9096 489 5424 3821 5384 995 2120 9179 8038 1451 981 7673 3193 3596 5733 7098 4709 3032 9468 7754 8554 2731 1369 8353 2783 
28 3440 2417 7397 1597 9754 4903 2710 4734 194 1074 384 7188 7549 866 4676 7437 1584 7225 4269 1658 7197 7977 9277 2505 3589 9829 1212 4644 
27 3491 4662 9756 8261 6016 1344 5570 3340 5297 1754 7838 7237 32 7172 4232 6315 6527 2208 6529 1355 3307 6579 1108 6713 5196 5216 7688 
33 9321 5703 8948 3656 8885 5612 4587 1787 7910 6979 7202 4292 5533 3415 5220 2704 7124 8221 4570 923 7447 6875 9237 2750 7255 5172 8888 4270 7463 990 3008 9330 7641 
27 8786 1312 6003 462 8421 1412 4089 9324 5070 1548 6310 2977 2576 9666 635 9323 1336 1565 5288 1775 1843 2655 983 5527 7223 2349 9895 
25 6975 5149 1779 9967 5058 8264 2183 6918 560 6773 6829 947 3073 5531 6487 5139 7497 8275 4783 5560 6490 9987 2268 5915 6405 
27 1472 2517 7708 1700 2401 132 3091 7338 3130 8153 5249 7429 3622 6345 6502 5622 8773 759 7373 579 5922 298 6324 6415 8978 8539 7471 
29 3236 5467 7014 9522 2305 7579 5945 2391 8646 3304 6364 5550 6954 603 1358 3463 2206 2130 9471 9920 9578 1922 7339 3910 2264 65 2516 7194 4916 
27 6424 4574 3128 130 1608 9629 791 9380 200 8025 4564 6098 3393 1094 7069 354 801 9473 5623 885 7139 8788 7396 4702 8060 6969 5486 
26 6428 8299 8339 191 896 2195 6844 9394 1759 4527 2522 7939 8350 3705 8135 4740 8155 7027 742 5004 9472 732 6920 3962 3645 8465 
25 7851 6931 8492 9130 5066 2375 7960 5878 9919 4582 8448 2404 3028 4148 5505 5287 8429 4806 8342 6679 9523 3239 4026 9188 2149 
28 6885 3076 5136 5898 6509 3907 8651 1243 9078 9126 203 5951 3290 3893 2342 3301 8534 9706 3569 3397 5358 2545 4741 5813 6397 1607 9838 7348 
33 681 7606 7030 108 3149 3373 3118 1547 9495 8848 871 5904 4021 5852 5427 9552 2837 1122 9483 5880 507 4056 148 5871 6467 1112 3459 453 1022 8011 4714 9296 4678 
29 6392 3611 9584 2524 4715 3557 6746 6902 1299 2541 1871 5474 4440 9677 5847 5122 3674 4280 645 7476 4429 6831 284 607 2095 1428 5489 1350 63 
29 6781 5944 854 3306 5724 5705 2468 365 3170 7745 5035 9842 5292 2577 339 5152 751 5268 7081 2684 3433 2628 206 898 4039 8219 7726 9452 4605 
31 8267 2793 5345 5153 5829 3411 5051 236 5759 4745 9436 8760 9127 2891 7001 1170 4761 8095 3535 2702 6568 3230 8209 4912 7987 1685 2559 1378 497 4422 7555 
30 3145 8315 4754 9984 8083 4834 62 6057 6919 5277 1532 6318 3298 2606 6082 9279 1482 3211 3067 6768 1216 7446 2196 5019 2360 4320 5795 1486 6513 9932 
29 6056 7382 1040 2916 7519 1257 2775 5348 6752 4524 8876 1643 9575 9007 2967 4167 3897 4043 6494 875 2192 5283 6825 8763 7602 5809 8776 282 4329 
32 1965 4494 9743 3044 6407 9678 4730 674 4194 3678 7284 1899 8661 6601 2413 6706 9424 6111 4310 9046 100 976 9234 9479 880 6040 8032 5870 1916 9573 212 9418 
25 8346 3258 8052 3612 9708 2609 4205 2233 1423 6989 6552 8384 9411 9325 8029 8900 4846 1945 4558 9950 5764 4437 950 4063 5987 
25 6130 1512 811 9804 3744 589 8454 1810 6230 4272 5175 1915 109 6757 559 3129 5884 244 6043 3413 9879 8084 8110 5698 4771 
27 9191 9446 6683 3659 1421 9721 7538 9186 5146 8593 1444 4667 5664 5265 7265 8129 4893 5212 6314 3140 3200 5589 9082 9208 2067 7805 3818 
27 4768 4166 5129 9378 7482 8178 1770 8235 5235 1683 3362 8907 1436 8446 4420 6426 4335 2216 8563 2831 4971 2162 7523 7508 4695 2985 3767 
27 4467 1204 9740 8523 6151 3560 3291 7016 174 6163 6097 833 5701 8826 5947 5662 5242 7217 3945 9199 5656 7862 6774 2885 3148 1211 6537 
27 7320 4474 736 3536 3050 6622 5857 308 9006 4638 3058 6145 2686 5993 9959 9390 1383 2292 2453 5893 6126 7252 8542 1543 3207 5418 7326 
29 6198 1599 9336 5462 3762 9322 3033 883 3882 2009 1002 5890 4601 7242 7114 4902 4838 1495 5799 6682 3077 5995 9789 3219 8672 9765 3769 6216 960 
28 2672 2830 1348 5185 5826 2677 7952 7988 2499 6535 4163 997 2416 2900 2657 6433 4538 8158 6695 5977 5321 8748 6661 5538 7810 448 9841 6090 
26 5798 6257 9037 1520 9397 9494 9753 6559 565 6033 8507 3317 6414 8860 9070 4389 9614 8825 433 988 7687 5009 41 6776 6639 6787 
27 3233 816 7251 3417 7974 81 7369 1098 4857 1460 8691 8137 5842 449 7353 2625 8138 4928 201 1388 5088 1930 8081 5960 4832 224 2504 
29 1386 7186 9646 2384 629 4718 1203 7751 9457 8874 8309 7209 9412 7267 3695 1838 8713 514 1351 1702 9269 2377 8556 1454 2054 8891 6960 3080 6511 
26 5634 8152 1407 9751 1229 771 2161 2513 7503 8967 8686 9824 9616 4139 9103 8107 5458 4464 9265 7465 7490 6907 8061 4461 341 1298 
28 1572 286 8565 5516 9462 2129 8812 5838 525 1849 4101 6454 1056 3646 3853 6050 4357 7624 5111 6370 5719 374 6818 7156 5215 5591 1690 1766 
29 1579 7175 7358 5127 1448 2053 4323 1730 3320 2502 5497 5994 623 8051 4727 2839 7133 1400 6118 8428 3483 9450 634 1958 501 8187 5007 8114 5885 
30 4661 2996 6982 8170 3640 7232 4867 385 5748 6472 5119 5906 1023 1650 4161 1866 3639 3895 1741 3621 4405 2081 7451 9503 7520 7616 9542 1323 2431 9255 
29 4935 5245 1835 4050 2166 1677 2687 252 4691 1749 822 1934 6337 2682 278 9712 7630 8497 9480 6900 2366 3526 7301 814 2779 9244 2911 7424 6202 
27 3516 1437 8903 2037 1515 3479 1707 8389 266 7784 3110 1182 5828 6457 7035 3250 9409 1654 6083 3372 562 5250 2025 2862 5685 2952 7820 
27 9111 7566 5865 432 8204 3836 6267 425 8840 161 3563 2833 5367 4851 6450 6119 5056 5567 9928 6789 9102 8359 9539 7618 852 6947 6804 
32 5062 9764 7529 7219 3707 5522 1004 4472 5457 9870 1519 4726 7037 4127 8659 1321 4081 7099 3753 3574 2910 3638 3252 1159 8079 8160 1857 8043 1266 2904 4097 3504 
26 3448 7545 8503 1417 6237 2801 6522 3215 6567 9545 4456 1490 2428 270 8764 255 7410 6571 3189 4403 2434 6534 7518 9613 578 1185 
29 8709 8447 6778 1390 1076 8756 8494 8911 1306 3785 7473 1228 7443 7696 4226 8498 5001 2379 755 7314 7646 3789 3691 8188 7052 2422 2544 6823 1868 
28 2772 9727 7979 4937 6961 1123 6005 4639 6167 36 7401 7407 9247 1320 1406 2032 4072 6977 7975 7064 774 3093 1534 6858 889 9064 5365 5240 
31 9872 6668 9417 6155 5244 8266 3443 9461 9990 6015 7925 4374 5766 1483 673 9421 5642 8210 7932 599 1582 4649 1987 9048 8738 7220 2964 4688 1967 7839 8879 
31 1666 6796 8586 9033 1562 4252 4627 9183 8251 5568 1622 1215 8231 3382 4414 6802 6512 7040 8459 7971 5684 2117 2732 9022 4646 8810 2357 3474 2585 6647 3748 
30 1408 5846 6463 4917 7625 5251 8594 1238 996 8274 576 4559 9654 2465 4410 2464 1571 3884 2690 4498 1992 9206 8126 3023 8747 9710 8596 7123 6235 496 
26 5266 159 8952 9636 684 3049 760 926 3086 1708 1003 6721 6873 9060 2979 2821 2425 5186 1164 8809 6066 8203 730 6311 3697 8307 
32 1566 1817 4503 4808 9606 1178 3292 8711 8572 7356 1895 5763 8917 2412 1172 6915 9448 5519 8190 1763 2227 9897 4899 1026 7434 6517 7512 4105 9705 7008 946 9354 
29 7735 94 698 6265 9956 7707 8937 2644 7393 6944 9798 8974 4921 3846 9365 4617 7199 8288 1225 5989 4763 6987 2190 5243 1878 4936 6667 6496 2565 
28 8103 3240 1271 5815 7976 3122 402 5390 1207 1104 6651 3241 9207 1171 2527 1088 6712 8056 6685 2605 622 3586 7551 3098 2088 1891 8092 8696 
31 7426 1938 4951 8969 961 7116 2024 6658 1657 4630 1693 83 9187 9278 8864 4317 5730 1858 6343 3245 8703 2543 7302 4176 7998 8637 3196 7435 5609 8514 2084 
28 9601 7613 1021 6382 4034 7286 4694 3858 9491 2538 5601 7771 4823 5689 345 6208 5214 335 1231 4441 8048 137 9691 7019 9576 6798 9645 9204 
30 2446 4260 2550 5503 5966 1505 375 4788 9803 1433 1028 9067 9502 5441 3010 1137 3344 1346 325 8947 1748 9834 8163 8852 6887 1714 9828 5374 2371 2994 
28 4506 7781 3235 8356 9286 9428 2154 5506 9658 2624 878 9809 1796 3065 1409 5790 8034 4162 7262 9230 8069 7263 267 632 2203 8918 7537 9558 
25 2139 1746 4318 9627 5619 185 2433 2843 8206 7108 9158 844 5804 6453 5688 3244 2449 2002 1586 8308 1518 8953 2915 2582 7886 
31 1434 27 9826 9732 4710 3380 1612 2238 6854 4938 1039 2030 353 8536 1126 8278 2683 7431 1114 1391 6965 631 807 9541 3523 7902 2751 8935 637 9544 7063 
27 2870 9328 8434 9492 6516 5990 164 6764 7812 7950 1618 8665 3269 7088 9673 803 8291 7710 5923 4932 2566 7440 2478 6783 9916 2814 2338 
32 13 9440 1556 6032 2768 4302 964 5084 6344 9281 5440 2062 6811 5015 2424 7013 3650 5394 588 1338 8161 853 2073 4537 6273 2667 6704 891 7002 5953 8194 7364 
27 9714 3756 8394 6970 9120 3267 4621 437 2280 2647 683 2500 2869 4814 9405 5554 3761 3561 6694 3752 6709 9080 2881 7926 8583 9410 5921 
27 3831 6152 702 6655 4415 6504 3332 7110 793 7409 8623 2474 4425 1352 9290 9040 4654 9911 5362 890 8010 9686 3687 192 587 4775 2103 
29 3883 9820 4996 2169 6520 163 3242 3430 9056 545 5818 4379 406 7962 7882 2631 2327 595 7563 1334 4041 932 8192 455 4411 2712 3366 362 8909 
28 7828 436 5156 8745 5668 6421 8569 5296 1839 2552 7400 3435 6213 8436 3888 9564 2975 8984 5563 8101 6723 6848 2109 113 1209 2776 2249 2367 
30 7138 2091 9136 8400 5333 1241 7842 3205 8673 7468 1360 7282 1176 9455 2220 6692 938 4750 4522 3125 8113 3052 7945 8071 4155 2328 7100 3957 1793 3595 
28 2717 6021 6754 5116 9907 9356 8577 409 615 9526 4376 5451 1249 8578 9077 5272 4742 4863 6937 2619 9813 7453 8117 4619 4947 5432 8964 3227 
30 7427 8724 7720 1805 3099 6410 9915 3300 4083 4289 7743 6590 933 798 3926 7298 2278 6078 985 8671 5034 4731 8405 3309 9569 9978 2498 205 5635 2681 
30 333 2713 9718 2836 3324 2767 1430 6105 4828 4880 902 739 7243 3817 1034 1280 1853 9877 4780 9511 7041 5788 162 5221 5985 4895 2487 6598 2678 3116 
30 5876 8184 548 3698 4219 1152 8250 6826 8349 2562 7419 6707 7941 8482 4371 5095 2757 3552 4305 4853 5103 4233 8136 6981 7505 2819 8928 3956 3529 7368 
25 934 482 2874 1772 3164 8050 3489 8680 3532 4579 3515 9618 5848 8871 4815 2972 8684 6525 867 4463 8302 4615 2008 9161 5453 
26 6603 2000 6416 1429 1217 2642 4465 9267 9254 8318 3490 140 6701 2369 8999 3085 2362 1844 5364 2074 6619 4811 6029 3305 3540 5988 
29 7136 9850 5721 2140 2930 6766 3755 5637 7405 5074 4110 9012 8106 9414 512 1496 7546 4493 8331 5164 6034 8719 7905 3688 8343 6532 3906 4674 5470 
31 9180 4107 227 1924 7552 2535 3703 4298 4273 9059 6584 1555 2260 911 6386 4602 2981 8200 6170 8847 9465 967 4982 8474 9620 749 2942 6524 8548 4184 4361 
33 3581 1752 1060 7394 3005 9515 949 2622 2771 4575 5976 6800 3955 2825 2859 3685 1873 5540 2387 2231 6940 9528 9783 6604 1949 5011 6986 485 1634 7930 2481 7568 6051 
27 5260 1359 3701 5298 8693 5318 209 9133 9084 2083 4062 5480 6178 2004 6026 6439 649 2246 9711 5363 1086 1682 7711 6059 4552 9431 1099 
29 78 1595 8919 8237 6794 5596 975 2961 9203 4782 9092 2699 2724 5833 1726 6106 8843 1732 2974 3428 6047 3358 6139 9032 7411 439 4237 1001 4171 
27 701 9038 7929 7351 7985 397 7777 5053 3254 3336 4431 7785 5905 6809 3806 66 3837 6045 348 8021 4075 4505 8846 5430 8487 5779 411 
27 2820 6497 9166 7191 2147 7299 1944 9554 3176 5781 4988 9300 1771 6418 2287 1611 7285 4991 2361 2476 5039 7128 8979 396 937 2444 7162 
26 4801 4065 551 9039 1380 4514 6616 4185 3648 4822 8889 1371 5259 4199 7515 2888 8310 9875 3029 6391 9649 9101 5677 7332 6673 5029 
30 4172 4805 6720 4650 9175 3898 1969 6299 6793 8518 8912 8131 1647 9750 8899 7300 5808 1068 6924 4085 2229 8608 2742 4536 3591 18 7604 4954 3138 2296 
30 671 474 9361 7638 4535 338 6580 5916 8423 8150 9690 4833 2935 1948 922 7692 9794 3109 3776 1970 3566 3597 5792 828 2383 652 4981 1533 7911 7527 
28 4473 7855 405 9236 4 9454 408 3804 3281 107 5935 8794 8859 5352 5438 8341 4258 4704 4453 1757 7535 8449 9335 1981 3959 6332 8351 2494 
28 2378 1568 5049 7120 9836 4391 5166 6099 2536 8469 7131 1695 403 6486 2666 2187 1616 613 6195 1201 6081 1966 4255 1947 3354 1727 5410 7456 
27 3042 2554 1175 1737 8966 1055 1917 6296 1256 1158 1163 9216 3879 2739 8373 386 8082 5931 3738 6316 1311 5173 1305 7107 5621 5836 3232 
29 5465 6791 2855 1014 4151 4181 7054 9762 720 5490 6357 5413 9862 855 2617 604 6930 3113 3378 4208 1703 9146 5785 8088 2491 2976 2170 8945 8180 
30 3902 804 4634 4765 8027 1964 4983 2301 7359 9339 6666 521 310 3124 4423 3054 7853 4112 1195 2270 9401 6514 1696 9225 3112 651 8305 8270 7066 8636 
29 7883 8177 5632 678 4887 5863 7541 2728 7993 358 5508 3191 4430 2743 1552 9734 9653 3056 3261 8869 4491 8357 7389 195 5812 2828 9968 7654 1363 
28 7245 4060 1751 7253 2914 4573 630 7379 4306 5509 3892 8189 863 7012 4424 4843 9776 7879 9088 1722 8729 8433 8197 1975 3796 8105 845 973 
27 4189 3856 4769 2747 9097 3783 8741 4457 8004 6210 527 7884 8007 8175 9683 5495 7959 7669 9245 9608 6053 9065 4459 6358 9615 2267 2630 
29 5954 275 9635 2512 6275 5020 9302 9795 2175 6276 21 4223 8813 3923 7953 6539 299 3327 2754 7550 3270 3725 3699 1869 1786 9285 5950 8589 8799 
29 4760 7642 1893 1816 7724 9416 5868 7158 1222 1354 620 8013 7387 4992 4829 5426 379 6009 2792 424 3550 4198 9305 2284 7354 7413 8895 4354 5361 
26 7277 4057 6231 8162 35 184 1326 4140 6705 2397 8455 3502 8761 3961 5026 7231 5357 3973 2277 8287 3084 1287 9148 7089 8640 2659 
27 9738 8502 4501 7439 5171 7621 6643 7240 7045 9090 4906 2463 6591 5577 6726 180 9922 913 7571 3223 3577 754 616 6722 7850 8387 7756 
32 2209 8364 7569 8003 7416 2352 930 8620 4487 6795 4792 7032 5661 2066 7025 533 3896 1736 5236 7510 3549 5602 1901 4445 6852 6239 4369 1509 8195 1503 7165 9700 
31 6440 6638 3937 874 9385 3524 6255 5883 4722 6215 1081 4652 3431 4565 3360 6406 1145 367 1488 1632 6058 347 728 366 8706 2376 5615 1943 8582 5257 7153 
31 8078 9117 6595 2649 8841 593 5706 851 2266 7278 8211 110 7706 9664 6187 6072 2326 3499 8319 307 4854 7814 1501 6101 9945 5571 7791 166 8774 6830 3059 
29 1711 6959 5942 7384 7442 4655 8462 5177 6615 4577 4489 1585 3095 1936 3786 131 6621 7273 5899 7573 7398 6645 3087 1506 1877 5549 9505 9882 5211 
29 3590 3533 2418 5534 6211 8417 3114 4724 1301 1668 3484 4515 6352 1314 6742 6204 4010 9316 3788 5743 8382 8344 8169 2694 44 3663 824 825 6491 
26 5030 750 4543 1842 8049 4248 9477 9107 243 7462 7213 8722 4776 96 3602 1073 3714 3969 7913 4210 8929 3369 4532 6821 518 6246 
28 7833 7787 8080 2599 8701 221 5925 4874 4264 753 1747 9160 861 4598 3461 1832 2564 1656 8403 4234 7182 9377 4664 3311 7741 9349 1954 4131 
32 2150 1942 1191 810 3519 7650 6464 8328 9648 3802 3398 7122 1557 8437 4266 8115 1885 153 3102 812 5986 761 5754 5025 6455 5155 9557 1115 3092 4540 5561 8009 
29 570 3860 6347 4091 3694 9382 3347 5351 2313 7869 2629 452 2355 9464 693 6223 6758 3824 8839 6333 7254 9684 4859 8648 8522 3988 3161 6650 592 
28 5588 2086 5195 5910 3455 2840 3644 7748 7835 3277 8505 8144 133 7586 984 5775 2407 7003 4451 9337 3787 1232 2796 892 1015 6094 9786 5208 
31 8099 4581 9913 7458 5696 2966 1165 8375 6212 9182 6553 2071 1000 4100 1544 213 2226 2697 1366 5605 6004 2222 2089 3257 1347 3936 12 7729 3202 8392 7134 
27 602 9213 1983 6493 6113 5726 7065 888 7709 7753 1405 6780 7321 9453 4113 6962 3594 8868 9663 9550 3438 9069 4517 6203 9293 5513 7021 
30 5014 7235 8399 1670 2858 2145 7528 9625 4307 4758 4341 3794 8892 8020 6044 585 5758 6075 4693 4557 4035 3012 6031 9062 1811 3352 1404 9100 9724 6835 
29 2822 7006 7395 3350 7151 1907 1093 2591 4950 1420 3069 9720 6238 9309 1146 9716 2125 8960 8336 2118 7956 5933 6855 3996 9924 6181 731 7837 3375 
28 9145 3288 3383 1862 2640 9669 6125 3669 1302 8993 1218 9173 9964 7990 6484 6895 7556 8720 2886 3394 9114 1687 7461 2454 8845 7843 7608 9600 
26 1826 9561 6935 9052 5423 6779 5010 9327 7522 1589 4546 4723 8355 4623 9174 6417 6788 8473 8557 8326 2778 9579 3840 2456 126 8395 
28 8033 7822 7793 1192 5855 6000 2138 9665 6359 177 9885 3481 7776 8008 5428 2560 5956 2727 7292 608 6468 786 114 6751 5386 9723 3038 7559 
29 820 2765 3316 8053 4408 4948 3619 3905 8493 8511 9908 1045 7877 9222 9923 2508 5539 2806 6938 272 3206 5217 312 7705 427 5593 4793 447 5723 
28 577 1734 1139 3735 931 6049 3348 1932 7693 670 2931 6672 9952 1698 6192 5972 6786 9469 1623 2662 4142 1274 1162 3163 948 426 5002 3810 
32 2234 9957 1491 8017 9129 919 5744 2242 2983 8783 5222 1189 2255 5611 4925 3061 2225 2324 7763 222 2488 1058 2035 4216 8065 5190 197 4905 860 1550 8216 7215 
29 3256 352 1704 170 3866 309 9909 8873 3243 468 2457 9689 322 331 2014 6696 9893 2447 1286 7826 6346 8951 1372 3948 8002 2749 7934 5930 4978 
27 6845 3782 49 9190 8957 6437 4953 111 9812 4844 6206 4583 178 5767 1598 618 1931 6199 122 2861 6290 1328 3706 6136 3197 6737 2719 
28 1048 8653 6402 4195 4567 2637 3587 987 2955 8573 636 7288 6398 982 8217 6628 8491 4886 5089 3294 5184 2063 5864 2094 6377 4585 722 8311 
25 5777 6578 6756 7667 7773 679 5274 7597 3315 2020 9792 7491 6323 5037 6853 3395 1343 9369 6583 2398 6717 491 6626 265 7264 
31 2368 839 6482 8464 5713 5693 2258 6274 7592 3675 4201 2076 2520 4749 376 1517 418 834 1941 2164 6394 9137 5722 7933 3135 4531 6972 5526 8585 2810 6627 
29 6423 4922 1330 3950 9980 1133 311 5887 5822 7024 8668 4281 4657 6646 2551 9588 3047 4191 1523 9644 9313 7017 4613 2824 4631 9679 6633 8151 2791 
27 138 1062 7689 667 9273 1776 6618 5875 6738 2415 1020 3330 7873 1262 9 9355 3287 9999 9626 8817 4528 9605 6317 4367 940 6008 4037 
26 8946 1492 2604 1422 404 4636 1138 1340 3544 4241 2948 2044 5073 6448 8422 8975 7585 6964 1357 2210 7857 5582 3583 368 3913 9510 
28 2922 5837 2785 288 9268 4304 5170 9880 4900 6690 2867 7009 6471 2872 3939 4051 6387 8259 1803 6122 9715 5140 9004 9886 8077 6184 9995 4275 
26 156 7995 4773 850 8820 9856 6395 1609 5045 2590 1389 924 6143 3514 2949 297 4321 355 7634 9682 752 1626 9900 3030 8265 6014 
33 9151 8472 3628 5113 9933 2048 8766 5052 2853 5425 9818 1825 4696 3771 1879 2761 5202 4845 2364 5464 8313 6247 3617 9402 6548 3994 3426 1375 4291 3041 4556 2936 6479 
27 306 9942 498 4311 6767 8924 6361 1610 8723 8258 9703 334 8752 7973 7859 3343 7999 444 3007 2676 410 7498 4297 1820 3451 7903 8618 
28 8220 1925 6488 7648 2353 7259 343 6205 4348 4370 4262 5329 3094 4578 1453 5958 64 5246 6232 2515 8430 3002 6209 6293 3406 4561 4881 1911 
29 3155 1030 5934 3322 5940 1462 1542 173 9451 9442 6037 7000 2818 3377 3401 1783 5648 1502 9749 6383 4154 242 2784 6022 6013 5548 3308 1653 711 
26 4974 6214 9891 9076 5654 5912 484 3770 2068 3146 4344 5108 6772 4373 9169 8837 5043 4778 2641 8127 1297 2214 4346 5729 8360 6614 
29 7760 9594 3460 450 1909 4777 1283 4350 3625 4413 6515 7802 4658 9311 5962 2540 1536 3960 6739 3773 1234 959 9849 8045 2721 4196 4274 7806 1508 
27 2098 2803 9131 7867 8277 2992 3335 7840 1167 4247 8369 3548 2121 7104 99 1713 7733 2723 763 1463 3673 7600 9020 8803 467 7322 9346 
30 7576 5952 8592 9930 8950 5456 1961 5796 8201 1836 5301 3105 7672 2080 7258 6836 3108 6991 9674 4299 2022 6880 8521 9602 8965 7281 6867 1928 6264 6441 
24 2636 4246 2777 6973 5308 1923 9989 6473 7651 5412 394 954 7233 4839 5487 4860 7372 6840 7619 692 8164 3274 5543 7533 
31 4141 1691 8797 5537 4455 4628 2868 5587 3724 9973 7906 39 2262 986 9902 8597 1456 2568 5614 2941 342 3564 129 2363 9680 4959 2990 8068 1801 4963 5674 
27 8019 5383 6864 3172 817 2746 5188 6874 7680 1011 4774 9051 5024 8345 7077 8223 7757 3204 7813 4133 6641 8102 441 8146 1010 5021 2288 
33 5604 3929 4122 8282 7109 1059 5360 1898 8828 925 6609 5096 6674 8591 1721 4779 4471 8732 9119 471 4086 4670 8301 3736 3823 1500 7048 2691 9143 7856 2850 7187 4347 
30 9159 626 2244 3442 9520 1373 2608 4377 1304 7268 8815 258 3807 9800 5943 6851 8425 4534 6127 97 7920 3750 3712 2065 1765 3467 6442 1399 2386 9577 
27 586 3210 6664 1976 6815 5610 6866 4640 6824 6914 6510 8775 9217 6841 9197 756 3329 1379 9521 8059 1989 6335 1576 9041 9927 7004 8816 
29 691 9031 7015 4279 5181 6481 8970 7891 9851 6188 8213 7935 55 918 7844 7779 4836 2026 4719 8457 7627 3739 6560 8058 4666 47 6680 3952 7649 
31 6430 4447 8927 8851 7894 3323 1795 6341 9235 3830 2788 4679 4047 9780 4179 4382 6375 6220 4496 2133 7127 6957 8064 5449 5728 9667 9863 2441 4512 9481 1651 
30 1813 2297 416 5377 1080 1276 5683 3651 6277 8147 9857 3798 2316 5606 3747 1054 4434 830 7428 6035 8662 7034 3726 4426 1594 7152 9003 8574 3554 647 
30 2603 5354 8543 1809 4046 785 43 3192 1310 472 5687 2808 6449 2877 412 3446 5006 5827 6963 5573 9701 3178 5264 5180 1449 2703 451 1946 819 75 
26 7674 4349 6294 336 3367 4009 5682 5670 6971 6268 6191 5347 4919 3034 1221 5154 1743 9028 2461 3338 6465 9766 8306 5276 9109 2894 
29 7633 3492 5939 2693 4717 3009 7147 3881 7347 1998 4174 2055 4443 9372 7312 8560 5443 8168 4509 6526 19 5494 7311 6801 8690 2844 6308 7319 9643 
28 2995 9360 6671 2069 6889 1210 6554 8634 6817 9044 4158 4898 5124 7949 9844 3026 6837 3068 9017 9867 454 5607 7055 1538 1119 4699 4707 5517 
27 9211 773 3630 422 7723 2106 5772 3912 893 5327 7983 6763 989 1662 5546 5239 2110 3615 3916 1513 5452 4336 1815 8658 2123 7854 6065 
27 3873 2351 3679 3954 1025 1282 6427 8263 1797 9910 228 777 1308 245 6180 2485 7889 6039 4987 3999 9333 6899 4020 2999 119 7722 5193 
29 6950 6425 3987 2578 3733 5368 8790 927 2207 7661 3850 881 2370 1102 2882 9513 7208 1075 6984 8212 3022 8902 5686 9001 8165 5317 4965 1637 6575 
32 4322 90 7494 5529 6363 2051 304 3537 8410 2738 1777 9499 2725 8047 5834 9233 6996 1452 7385 8295 5205 2665 9026 7391 4324 8252 1017 4138 9698 1540 3570 582 
27 9168 7216 928 5400 73 2018 5163 9954 5350 2897 567 6115 1223 2581 8599 3293 2460 2172 9638 2905 1874 6916 5256 5712 4791 9163 8629 
29 7584 3877 5908 26 8906 6280 8285 2337 7931 3835 8821 3795 1498 4669 3567 4149 4752 4604 6067 3980 9036 2483 2177 399 4995 5586 5481 3808 3436 
33 7901 2163 476 5475 5511 2573 5207 6718 1293 8958 4550 4263 5100 4168 6582 4825 1661 6156 6226 8758 1710 4868 4159 3749 8451 876 9181 6631 3547 6901 2467 4635 7010 
32 9014 9662 4238 7864 9811 5896 216 6286 2142 6630 5036 7071 6693 2539 8094 6253 1530 6743 8028 1033 3754 8643 5267 401 6903 4624 3727 1762 3289 8298 2213 7260 
33 7662 3075 6543 7581 7367 3036 53 3103 3984 4017 2595 9976 972 4941 907 4090 9931 6644 9630 2660 9801 9396 4554 7444 1110 10 1470 9563 2616 6269 6587 5273 2451 
29 5959 1846 330 8699 906 8992 6411 8737 2680 2601 1083 8358 1724 5694 832 1392 9570 2445 247 9294 7819 4462 1318 4608 8880 8024 4708 5033 519 
31 9106 8128 8205 3911 479 7575 8072 9027 3731 3854 4145 6531 4460 2857 5803 1847 4365 5737 9419 2307 5920 935 542 7073 5408 8567 7521 7470 4235 3634 2423 
29 6613 4989 3312 4239 6790 8714 7149 3513 5312 204 9562 2040 2656 1829 6540 5731 3571 5692 1426 6558 9271 2180 1481 3713 717 7617 9474 4866 6172 
28 1574 3665 6062 3919 1250 6731 9546 7227 7981 7670 6225 9793 2720 3464 1504 9387 2663 5061 4330 7092 293 4362 5624 787 5633 7861 4256 5644 
29 7313 5160 9257 5984 747 5117 6485 1865 5396 8642 1986 9218 6085 7739 3180 4033 6877 2319 9641 6549 3509 316 4326 4593 9517 573 1288 9847 3386 
30 5057 4397 6597 1186 1926 7769 3667 320 106 9314 332 6224 5289 6025 9118 3692 2111 4946 268 5630 7825 7940 963 9301 4287 6495 8987 1150 9969 2507 
25 2563 4469 4944 16 294 8726 7896 9949 3608 2116 8956 6060 729 9430 6968 3184 9597 657 315 3478 6011 3607 3633 8694 9741 
28 3425 2335 7752 4622 9241 7467 8154 1676 2028 2050 7345 9739 6174 4637 9050 6946 1720 4572 8098 7193 8905 6593 262 6153 2345 624 7534 1445 
30 4852 1187 5334 144 7449 2555 7249 8093 1904 5739 5802 3487 9363 7082 5405 9287 8901 9757 4737 7750 17 1563 1157 4029 4620 6911 1279 5398 2786 969 
28 3160 4568 687 2293 2323 2346 5850 6419 2179 8904 597 8245 2124 8605 6114 6182 4213 183 4406 7425 9000 1384 4283 9631 5016 2523 6149 2217 
28 8980 3534 1066 5151 504 3541 1064 3185 1980 7767 7195 529 6612 1507 611 1567 505 285 3466 5194 767 4651 149 5402 843 7966 4940 8932 
31 395 4338 915 8949 3396 9621 7957 4082 4553 5353 6389 261 8067 8857 1144 1097 157 9122 5187 650 8444 9846 2958 2471 897 4790 3351 4973 3522 2556 419 
31 295 9460 5794 540 9735 2519 4313 5376 3803 8627 51 360 1867 1303 3488 877 5104 7564 6384 9647 3822 6469 8692 6605 2438 8485 442 1474 6068 9018 4594 
25 9215 2202 9200 2135 6657 93 8292 4229 1431 4383 7740 1963 3920 8707 4865 8800 8452 7140 6489 6782 7542 8916 8070 936 1397 
32 3636 9054 8286 9884 6869 9777 6304 6112 5302 1620 8483 5059 8734 2923 3174 6684 7058 234 6714 4470 8587 7283 8086 3964 1569 139 7567 4108 9353 390 8443 5823 
27 9340 3968 2954 5112 5460 3238 1639 2745 6538 2176 2909 3494 7846 7860 4276 2151 6518 1910 9946 6070 9013 9306 2883 8782 1464 4339 2518 
30 9696 8372 1415 3772 8120 2506 795 8368 6007 3151 1525 4193 8944 9593 1085 580 9598 2658 5393 1955 8705 6107 1362 6702 3141 1237 9113 3421 1851 8805 
31 6042 8453 994 1196 4994 1863 2633 4001 9585 2021 1897 7942 359 9280 1856 6166 14 5447 381 8156 3357 6805 2987 6838 5344 4548 6189 8412 4539 7690 3082 
28 4960 2198 5608 5197 2005 7295 9484 9831 5303 3715 3212 4293 8413 9081 8882 7758 8414 7079 72 6949 8361 2621 2199 7228 6327 2737 1106 3708 
33 2584 601 846 3260 9797 6474 1465 9537 2770 8463 4799 1290 4945 3453 8185 4351 9547 4129 3805 6939 9016 9142 5979 9722 5932 1997 37 4490 5780 8619 7978 2254 9958 
27 2823 862 4632 659 3283 1760 7061 1821 2039 9889 2052 4914 4930 6716 5072 9047 2321 705 9171 3809 3874 5316 1995 5466 2706 4516 7917 
30 6808 8246 4757 9785 879 3266 2058 740 3604 8793 465 4130 2946 1459 7612 7102 3886 8087 912 4475 4439 921 4173 3995 6797 9642 5859 1484 3876 2980 
30 2440 5583 9506 5598 6681 4817 9395 4356 7038 8330 6999 6993 3251 3175 8621 7033 3370 1341 9530 3666 165 3497 5992 9657 1841 6745 5926 1079 3857 9837 
30 1717 5336 8468 7636 2614 9640 4076 1750 3100 3388 230 6893 642 4892 4343 914 369 6530 8023 744 5708 1090 4920 9610 8811 8749 31 2807 8268 4300 
29 2711 3171 9685 6117 5349 3623 2236 5433 2310 5401 4325 3229 4732 1920 2811 3441 815 4549 3890 3222 5047 1476 9331 2553 8363 9045 769 7422 85 
33 187 8644 6461 2769 3582 1554 5210 7866 1802 7097 3742 9993 2408 6945 8148 5378 3740 716 490 2592 5807 707 9744 6342 2282 6431 7858 1385 6266 2968 4871 9784 5107 
29 8039 3704 553 8872 4250 6500 6409 2274 6708 2509 7377 7958 8352 5581 3616 4328 5013 5672 4861 2023 7548 1202 1331 6501 8527 4877 3057 6240 7492 
27 6570 3720 5771 4088 7421 4126 1588 8381 2410 5071 1166 2998 3700 8149 3437 8333 5493 6054 8674 9319 5710 9364 7583 9788 3173 1738 9914 
32 2648 2265 8073 9352 8833 7203 5157 2247 7317 7163 4831 313 4687 778 7459 3759 5504 305 9810 887 5123 4023 3000 9493 5981 7799 3841 3661 6002 5275 1678 8887 
25 8044 7487 3385 7744 2126 941 9939 7664 7039 8931 1128 4743 4312 1613 6110 6132 8280 5824 3848 7770 5937 3970 9802 470 1648 
31 4071 3632 7946 7694 7922 5968 5860 6551 541 4079 8689 718 872 292 6665 1467 2546 8529 3325 4787 3732 4663 3862 2503 7501 1061 77 9748 1313 2157 7234 
29 660 6897 7115 2459 8663 1300 971 7768 5821 6860 7614 3791 5169 5579 5720 3470 5541 1581 1265 9005 5625 6196 9486 5629 9134 5678 9404 5065 1154 
27 3423 9194 5555 2396 706 6703 2838 8256 4483 3986 7334 5290 5306 6670 2219 3013 4847 1190 4513 3900 269 5300 714 2275 2789 1739 7899 
29 7643 6001 6640 3259 5102 8293 6634 6994 5406 2303 6385 6138 8159 3246 965 4080 398 1213 2997 5891 4211 723 8838 5359 4735 6371 9918 1921 7417 
1 6669 
